Execution example::

  select Bookmarks --match_columns tags --query groonga --output_columns _key,tags,_score
  # [
  #   [
  #     0, 
  #     1337566253.89858, 
  #     0.000355720520019531
  #   ], 
  #   [
  #     [
  #       [
  #         3
  #       ], 
  #       [
  #         [
  #           "_key", 
  #           "ShortText"
  #         ], 
  #         [
  #           "tags", 
  #           "ShortText"
  #         ], 
  #         [
  #           "_score", 
  #           "Int32"
  #         ]
  #       ], 
  #       [
  #         "http://groonga.org/", 
  #         {
  #           "groonga": 100
  #         }, 
  #         101
  #       ], 
  #       [
  #         "http://mroonga.org/", 
  #         {
  #           "mroonga": 100, 
  #           "groonga": 10, 
  #           "mysql": 50
  #         }, 
  #         11
  #       ], 
  #       [
  #         "http://ranguba.org/", 
  #         {
  #           "ruby": 100, 
  #           "groonga": 50
  #         }, 
  #         51
  #       ]
  #     ]
  #   ]
  # ]
