Execution example::

  select Bookmarks --match_columns 'tags * 3' --query mysql --output_columns _key,tags,_score
  # [
  #   [
  #     0,
  #     1337566253.89858,
  #     0.000355720520019531
  #   ],
  #   [
  #     [
  #       [
  #         1
  #       ],
  #       [
  #         [
  #           "_key",
  #           "ShortText"
  #         ],
  #         [
  #           "tags",
  #           "ShortText"
  #         ],
  #         [
  #           "_score",
  #           "Int32"
  #         ]
  #       ],
  #       [
  #         "http://mroonga.org/",
  #         [
  #           "mroonga",
  #           "mysql",
  #           "groonga"
  #         ],
  #         3
  #       ]
  #     ]
  #   ]
  # ]
