Execution example::

  select Bookmarks \
    --filter true \
    --adjuster 'tags @ "mysql" * 10 + tags @ "groonga" * 5' \
    --output_columns _key,tags,_score
  # [
  #   [
  #     0,
  #     1337566253.89858,
  #     0.000355720520019531
  #   ],
  #   [
  #     [
  #       [
  #         3
  #       ],
  #       [
  #         [
  #           "_key",
  #           "ShortText"
  #         ],
  #         [
  #           "tags",
  #           "ShortText"
  #         ],
  #         [
  #           "_score",
  #           "Int32"
  #         ]
  #       ],
  #       [
  #         "http://groonga.org/",
  #         {
  #           "groonga": 100
  #         },
  #         506
  #       ],
  #       [
  #         "http://mroonga.org/",
  #         {
  #           "mroonga": 100,
  #           "mysql": 50,
  #           "groonga": 10
  #         },
  #         566
  #       ],
  #       [
  #         "http://ranguba.org/",
  #         {
  #           "ruby": 100,
  #           "groonga": 50
  #         },
  #         256
  #       ]
  #     ]
  #   ]
  # ]
