Execution example::

  select Tweets --match_columns content --query 'good nice'
  # [
  #   [
  #     0,
  #     1337566253.89858,
  #     0.000355720520019531
  #   ],
  #   [
  #     [
  #       [
  #         1
  #       ],
  #       [
  #         [
  #           "_id",
  #           "UInt32"
  #         ],
  #         [
  #           "content",
  #           "ShortText"
  #         ]
  #       ],
  #       [
  #         3,
  #         "I'm sleepy... Have a nice day... Good night..."
  #       ]
  #     ]
  #   ]
  # ]
