Execution example::

  > select Entries --filter 'n_likes < 11'
  [
    [
      0, 
      1336462401.18486, 
      0.000334024429321289
    ], 
    [
      [
        [
          2
        ], 
        [
          [
            "_id", 
            "UInt32"
          ], 
          [
            "_key", 
            "ShortText"
          ], 
          [
            "content", 
            "Text"
          ], 
          [
            "n_likes", 
            "UInt32"
          ]
        ], 
        [
          1, 
          "The first post!", 
          "Welcome! This is my first post!", 
          5
        ], 
        [
          2, 
          "Groonga", 
          "I started to use groonga. It's very fast!", 
          10
        ]
      ]
    ]
  ]
  