Execution example::

  select Entries --match_columns 'content * 2' --query fast --output_columns '_key, _score'
  # [
  #   [
  #     0, 
  #     1336611811.10905, 
  #     0.000304698944091797
  #   ], 
  #   [
  #     [
  #       [
  #         2
  #       ], 
  #       [
  #         [
  #           "_key", 
  #           "ShortText"
  #         ], 
  #         [
  #           "_score", 
  #           "Int32"
  #         ]
  #       ], 
  #       [
  #         "Groonga", 
  #         2
  #       ], 
  #       [
  #         "Mroonga", 
  #         4
  #       ]
  #     ]
  #   ]
  # ]
