Execution example::

  select Entries --match_columns content --query groo
  # [
  #   [
  #     0, 
  #     1336611812.7323, 
  #     0.000343561172485352
  #   ], 
  #   [
  #     [
  #       [
  #         1
  #       ], 
  #       [
  #         [
  #           "_id", 
  #           "UInt32"
  #         ], 
  #         [
  #           "_key", 
  #           "ShortText"
  #         ], 
  #         [
  #           "content", 
  #           "Text"
  #         ], 
  #         [
  #           "n_likes", 
  #           "UInt32"
  #         ]
  #       ], 
  #       [
  #         2, 
  #         "Groonga", 
  #         "I started to use groonga. It's very fast!", 
  #         10
  #       ]
  #     ]
  #   ]
  # ]
  select Entries --match_columns content --query groo --match_escalation_threshold -1
  # [
  #   [
  #     0, 
  #     1336611812.93373, 
  #     0.000299453735351562
  #   ], 
  #   [
  #     [
  #       [
  #         0
  #       ], 
  #       [
  #         [
  #           "_id", 
  #           "UInt32"
  #         ], 
  #         [
  #           "_key", 
  #           "ShortText"
  #         ], 
  #         [
  #           "content", 
  #           "Text"
  #         ], 
  #         [
  #           "n_likes", 
  #           "UInt32"
  #         ]
  #       ]
  #     ]
  #   ]
  # ]
