Execution example::

  select Entries --limit 0
  # [
  #   [
  #     0, 
  #     1336611810.50242, 
  #     0.000186681747436523
  #   ], 
  #   [
  #     [
  #       [
  #         3
  #       ], 
  #       [
  #         [
  #           "_id", 
  #           "UInt32"
  #         ], 
  #         [
  #           "_key", 
  #           "ShortText"
  #         ], 
  #         [
  #           "content", 
  #           "Text"
  #         ], 
  #         [
  #           "n_likes", 
  #           "UInt32"
  #         ]
  #       ]
  #     ]
  #   ]
  # ]
