Execution example::

  select Entries --query _key:Groonga
  # [
  #   [
  #     0, 
  #     1336468386.54406, 
  #     0.00028681755065918
  #   ], 
  #   [
  #     [
  #       [
  #         1
  #       ], 
  #       [
  #         [
  #           "_id", 
  #           "UInt32"
  #         ], 
  #         [
  #           "_key", 
  #           "ShortText"
  #         ], 
  #         [
  #           "content", 
  #           "Text"
  #         ], 
  #         [
  #           "n_likes", 
  #           "UInt32"
  #         ]
  #       ], 
  #       [
  #         2, 
  #         "Groonga", 
  #         "I started to use groonga. It's very fast!", 
  #         10
  #       ]
  #     ]
  #   ]
  # ]
