Execution example::

  select Entries --sortby '-n_likes, _id'
  # [
  #   [
  #     0, 
  #     1337513354.26027, 
  #     0.000281333923339844
  #   ], 
  #   [
  #     [
  #       [
  #         5
  #       ], 
  #       [
  #         [
  #           "_id", 
  #           "UInt32"
  #         ], 
  #         [
  #           "_key", 
  #           "ShortText"
  #         ], 
  #         [
  #           "content", 
  #           "Text"
  #         ], 
  #         [
  #           "n_likes", 
  #           "UInt32"
  #         ]
  #       ], 
  #       [
  #         3, 
  #         "Mroonga", 
  #         "I also started to use mroonga. It's also very fast! Really fast!", 
  #         15
  #       ], 
  #       [
  #         2, 
  #         "Groonga", 
  #         "I started to use groonga. It's very fast!", 
  #         10
  #       ], 
  #       [
  #         1, 
  #         "The first post!", 
  #         "Welcome! This is my first post!", 
  #         5
  #       ], 
  #       [
  #         4, 
  #         "Good-bye Senna", 
  #         "I migrated all Senna system!", 
  #         3
  #       ], 
  #       [
  #         5, 
  #         "Good-bye Tritonn", 
  #         "I also migrated all Tritonn system!", 
  #         3
  #       ]
  #     ]
  #   ]
  # ]
