Execution example::

  select Users --output_columns name,_score --filter 'query("name * 10", "alice")'
  # [
  #   [
  #     0,
  #     1337566253.89858,
  #     0.000355720520019531
  #   ],
  #   [
  #     [
  #       [
  #         1
  #       ],
  #       [
  #         [
  #           "name",
  #           "ShortText"
  #         ],
  #         [
  #           "_score",
  #           "Int32"
  #         ]
  #       ],
  #       [
  #         "Alice",
  #         10
  #       ]
  #     ]
  #   ]
  # ]
