Execution example::

  select Tweets --match_columns content --query 'good nice'
  # [
  #   [
  #     0, 
  #     1336468377.89941, 
  #     0.000522375106811523
  #   ], 
  #   [
  #     [
  #       [
  #         1
  #       ], 
  #       [
  #         [
  #           "_id", 
  #           "UInt32"
  #         ], 
  #         [
  #           "content", 
  #           "ShortText"
  #         ]
  #       ], 
  #       [
  #         3, 
  #         "I'm sleepy... Have a nice day... Good night..."
  #       ]
  #     ]
  #   ]
  # ]
