Execution example::

  > select Tweets --match_columns content --query 'good nice'
  [
    [
      0, 
      1335519578.54813, 
      0.000664234161376953
    ], 
    [
      [
        [
          2
        ], 
        [
          [
            "_id", 
            "UInt32"
          ], 
          [
            "content", 
            "ShortText"
          ]
        ], 
        [
          3, 
          "I'm sleepy... Have a nice day... Good night..."
        ], 
        [
          4, 
          "Good morning! Nice day."
        ]
      ]
    ]
  ]
  