Execution example::

  select \
    --table Sales \
    --output_columns 'name, time_classify_day(timestamp)'
  # [
  #   [
  #     0,
  #     1337566253.89858,
  #     0.000355720520019531
  #   ],
  #   [
  #     [
  #       [
  #         6
  #       ],
  #       [
  #         [
  #           "name",
  #           "ShortText"
  #         ],
  #         [
  #           "time_classify_day",
  #           null
  #         ]
  #       ],
  #       [
  #         "Apple",
  #         1588258800.0
  #       ],
  #       [
  #         "Apple",
  #         1588258800.0
  #       ],
  #       [
  #         "Orange",
  #         1588258800.0
  #       ],
  #       [
  #         "Apple",
  #         1588258800.0
  #       ],
  #       [
  #         "Banana",
  #         1588258800.0
  #       ],
  #       [
  #         "Banana",
  #         1588258800.0
  #       ]
  #     ]
  #   ]
  # ]
