Execution example::

  normalize   'NormalizerNFKC121("unify_kana_case", true)'   "ァアィイゥウェエォオャヤュユョヨヮワヵカヶケ"   WITH_TYPES
  # [
  #   [
  #     0,
  #     1337566253.89858,
  #     0.000355720520019531
  #   ],
  #   {
  #     "normalized": "アアイイウウエエオオヤヤユユヨヨワワカカケケ",
  #     "types": [
  #       "katakana",
  #       "katakana",
  #       "katakana",
  #       "katakana",
  #       "katakana",
  #       "katakana",
  #       "katakana",
  #       "katakana",
  #       "katakana",
  #       "katakana",
  #       "katakana",
  #       "katakana",
  #       "katakana",
  #       "katakana",
  #       "katakana",
  #       "katakana",
  #       "katakana",
  #       "katakana",
  #       "katakana",
  #       "katakana",
  #       "katakana",
  #       "katakana",
  #       "null"
  #     ],
  #     "checks": [
  # 
  #     ]
  #   }
  # ]
