Execution example::

  normalize   'NormalizerNFKC130("remove_symbol", true)'   "#This & is %% a pen."   WITH_TYPES
  # [
  #   [
  #     0,
  #     1643595008.729597,
  #     0.0005540847778320312
  #   ],
  #   {
  #     "normalized": "this  is  a pen",
  #     "types": [
  #       "alpha",
  #       "alpha",
  #       "alpha",
  #       "alpha",
  #       "others",
  #       "others",
  #       "alpha",
  #       "alpha",
  #       "others",
  #       "others",
  #       "alpha",
  #       "others",
  #       "alpha",
  #       "alpha",
  #       "alpha"
  #     ],
  #     "checks": [
  #     ]
  #   }
  # ]
