Execution example::

  table_create Country TABLE_HASH_KEY ShortText
  # [[0,1337566253.89858,0.000355720520019531],true]
  table_create Users TABLE_HASH_KEY UInt32
  # [[0,1337566253.89858,0.000355720520019531],true]
  column_create Users name COLUMN_SCALAR ShortText
  # [[0,1337566253.89858,0.000355720520019531],true]
  column_create Users country COLUMN_SCALAR Country
  # [[0,1337566253.89858,0.000355720520019531],true]
  load --table Users
  [
  {"_key": 1, "name": "John", country: "United States"}
  {"_key": 2, "name": "Mike", country: "United States"}
  {"_key": 3, "name": "Takashi", country: "Japan"}
  {"_key": 4, "name": "Hanako", country: "Japan"}
  ]
  # [[0,1337566253.89858,0.000355720520019531],4]
  load --table Country
  [
  {"_key": "United States"}
  {"_key": "Japan"}
  ]
  # [[0,1337566253.89858,0.000355720520019531],2]
  delete Country "United States"
  # [[0,1337566253.89858,0.000355720520019531],true]
  select Country
  # [
  #   [
  #     0,
  #     1337566253.89858,
  #     0.000355720520019531
  #   ],
  #   [
  #     [
  #       [
  #         1
  #       ],
  #       [
  #         [
  #           "_id",
  #           "UInt32"
  #         ],
  #         [
  #           "_key",
  #           "ShortText"
  #         ]
  #       ],
  #       [
  #         2,
  #         "Japan"
  #       ]
  #     ]
  #   ]
  # ]
  select Users
  # [
  #   [
  #     0,
  #     1337566253.89858,
  #     0.000355720520019531
  #   ],
  #   [
  #     [
  #       [
  #         4
  #       ],
  #       [
  #         [
  #           "_id",
  #           "UInt32"
  #         ],
  #         [
  #           "_key",
  #           "UInt32"
  #         ],
  #         [
  #           "country",
  #           "Country"
  #         ],
  #         [
  #           "name",
  #           "ShortText"
  #         ]
  #       ],
  #       [
  #         1,
  #         1,
  #         "",
  #         "John"
  #       ],
  #       [
  #         2,
  #         2,
  #         "",
  #         "Mike"
  #       ],
  #       [
  #         3,
  #         3,
  #         "Japan",
  #         "Takashi"
  #       ],
  #       [
  #         4,
  #         4,
  #         "Japan",
  #         "Hanako"
  #       ]
  #     ]
  #   ]
  # ]
