Execution example::

  table_remove Terms
  # [[0,1337566253.89858,0.000355720520019531],true]
  table_create Terms TABLE_PAT_KEY ShortText \
    --default_tokenizer 'TokenNgram("report_source_location", true)' \
    --normalizer 'NormalizerNFKC100'
  # [[0,1337566253.89858,0.000355720520019531],true]
  column_create Terms document_index COLUMN_INDEX|WITH_POSITION Entries body
  # [[0,1337566253.89858,0.000355720520019531],true]
  select Entries \
    --match_columns body \
    --query 'グラム' \
    --output_columns 'highlight_html(body, Terms)'
  # [
  #   [
  #     0,
  #     1337566253.89858,
  #     0.000355720520019531
  #   ],
  #   [
  #     [
  #       [
  #         1
  #       ],
  #       [
  #         [
  #           "highlight_html",
  #           null
  #         ]
  #       ],
  #       [
  #         "ア<span class=\"keyword\">㌕</span>Ａz"
  #       ]
  #     ]
  #   ]
  # ]
