Execution example::

  tokenize TokenDelimit "Groonga full-text-search HTTP" NormalizerAuto
  # [
  #   [
  #     0, 
  #     1337566253.89858, 
  #     0.000355720520019531
  #   ], 
  #   [
  #     {
  #       "position": 0, 
  #       "force_prefix": false, 
  #       "value": "groonga"
  #     }, 
  #     {
  #       "position": 1, 
  #       "force_prefix": false, 
  #       "value": "full-text-search"
  #     }, 
  #     {
  #       "position": 2, 
  #       "force_prefix": false, 
  #       "value": "http"
  #     }
  #   ]
  # ]
