Execution example::

  tokenize 'TokenMecab("target_class", "-名詞/非自立", "target_class", "-名詞/接尾/人名", "target_class", "名詞")' '彼の名前は山田さんのはずです。'
  # [
  #   [
  #     0,
  #     1545810363.771334,
  #     0.0003197193145751953
  #   ],
  #   [
  #     {
  #       "value": "彼",
  #       "position": 0,
  #       "force_prefix": false,
  #       "force_prefix_search": false
  #     },
  #     {
  #       "value": "名前",
  #       "position": 1,
  #       "force_prefix": false,
  #       "force_prefix_search": false
  #     },
  #     {
  #       "value": "山田",
  #       "position": 2,
  #       "force_prefix": false,
  #       "force_prefix_search": false
  #     }
  #   ]
  # ]
