Execution example::

  tokenize TokenRegexp "\\.txt\\z" NormalizerAuto --mode GET
  # [
  #   [
  #     0, 
  #     1337566253.89858, 
  #     0.000355720520019531
  #   ], 
  #   [
  #     {
  #       "position": 0, 
  #       "value": "\\."
  #     }, 
  #     {
  #       "position": 1, 
  #       "value": ".t"
  #     }, 
  #     {
  #       "position": 2, 
  #       "value": "tx"
  #     }, 
  #     {
  #       "position": 3, 
  #       "value": "xt"
  #     }, 
  #     {
  #       "position": 5, 
  #       "value": "￰"
  #     }
  #   ]
  # ]
