Execution example::

  tokenize 'TokenMecab("target_class", "-名詞/非自立", "target_class", "-名詞/接尾/人名", "target_class", "名詞", "include_reading", true)' '彼の名前は山田さんのはずです。'
  # [
  #   [
  #     0,
  #     1545893197.914959,
  #     0.0003139972686767578
  #   ],
  #   [
  #     {
  #       "value": "彼",
  #       "position": 0,
  #       "force_prefix": false,
  #       "force_prefix_search": false,
  #       "metadata": {
  #         "reading": "カレ"
  #       }
  #     },
  #     {
  #       "value": "名前",
  #       "position": 1,
  #       "force_prefix": false,
  #       "force_prefix_search": false,
  #       "metadata": {
  #         "reading": "ナマエ"
  #       }
  #     },
  #     {
  #       "value": "山田",
  #       "position": 2,
  #       "force_prefix": false,
  #       "force_prefix_search": false,
  #       "metadata": {
  #         "reading": "ヤマダ"
  #       }
  #     }
  #   ]
  # ]
