Execution example::

  tokenize TokenUnigram "日本語の勉強" NormalizerAuto --output_pretty yes
  # [
  #   [
  #     0,
  #     1546584495.218799,
  #     0.0002140998840332031
  #   ],
  #   [
  #     {
  #       "value": "日",
  #       "position": 0,
  #       "force_prefix": false,
  #       "force_prefix_search": false
  #     },
  #     {
  #       "value": "本",
  #       "position": 1,
  #       "force_prefix": false,
  #       "force_prefix_search": false
  #     },
  #     {
  #       "value": "語",
  #       "position": 2,
  #       "force_prefix": false,
  #       "force_prefix_search": false
  #     },
  #     {
  #       "value": "の",
  #       "position": 3,
  #       "force_prefix": false,
  #       "force_prefix_search": false
  #     },
  #     {
  #       "value": "勉",
  #       "position": 4,
  #       "force_prefix": false,
  #       "force_prefix_search": false
  #     },
  #     {
  #       "value": "強",
  #       "position": 5,
  #       "force_prefix": false,
  #       "force_prefix_search": false
  #     }
  #   ]
  # ]
