Execution example::

  tokenize TokenBigram "Hello 日 本 語 ! ! ! 777" NormalizerAuto
  # [
  #   [
  #     0,
  #     1337566253.89858,
  #     0.000355720520019531
  #   ],
  #   [
  #     {
  #       "value": "hello",
  #       "position": 0,
  #       "force_prefix": false,
  #       "force_prefix_search": false
  #     },
  #     {
  #       "value": "日",
  #       "position": 1,
  #       "force_prefix": false,
  #       "force_prefix_search": false
  #     },
  #     {
  #       "value": "本",
  #       "position": 2,
  #       "force_prefix": false,
  #       "force_prefix_search": false
  #     },
  #     {
  #       "value": "語",
  #       "position": 3,
  #       "force_prefix": false,
  #       "force_prefix_search": false
  #     },
  #     {
  #       "value": "!",
  #       "position": 4,
  #       "force_prefix": false,
  #       "force_prefix_search": false
  #     },
  #     {
  #       "value": "!",
  #       "position": 5,
  #       "force_prefix": false,
  #       "force_prefix_search": false
  #     },
  #     {
  #       "value": "!",
  #       "position": 6,
  #       "force_prefix": false,
  #       "force_prefix_search": false
  #     },
  #     {
  #       "value": "777",
  #       "position": 7,
  #       "force_prefix": false,
  #       "force_prefix_search": false
  #     }
  #   ]
  # ]
