Execution example::

  tokenize TokenRegexp "/home/alice/test.txt" NormalizerAuto --mode ADD
  # [
  #   [
  #     0, 
  #     1337566253.89858, 
  #     0.000355720520019531
  #   ], 
  #   [
  #     {
  #       "position": 0, 
  #       "force_prefix": false, 
  #       "value": "￯"
  #     }, 
  #     {
  #       "position": 1, 
  #       "force_prefix": false, 
  #       "value": "/h"
  #     }, 
  #     {
  #       "position": 2, 
  #       "force_prefix": false, 
  #       "value": "ho"
  #     }, 
  #     {
  #       "position": 3, 
  #       "force_prefix": false, 
  #       "value": "om"
  #     }, 
  #     {
  #       "position": 4, 
  #       "force_prefix": false, 
  #       "value": "me"
  #     }, 
  #     {
  #       "position": 5, 
  #       "force_prefix": false, 
  #       "value": "e/"
  #     }, 
  #     {
  #       "position": 6, 
  #       "force_prefix": false, 
  #       "value": "/a"
  #     }, 
  #     {
  #       "position": 7, 
  #       "force_prefix": false, 
  #       "value": "al"
  #     }, 
  #     {
  #       "position": 8, 
  #       "force_prefix": false, 
  #       "value": "li"
  #     }, 
  #     {
  #       "position": 9, 
  #       "force_prefix": false, 
  #       "value": "ic"
  #     }, 
  #     {
  #       "position": 10, 
  #       "force_prefix": false, 
  #       "value": "ce"
  #     }, 
  #     {
  #       "position": 11, 
  #       "force_prefix": false, 
  #       "value": "e/"
  #     }, 
  #     {
  #       "position": 12, 
  #       "force_prefix": false, 
  #       "value": "/t"
  #     }, 
  #     {
  #       "position": 13, 
  #       "force_prefix": false, 
  #       "value": "te"
  #     }, 
  #     {
  #       "position": 14, 
  #       "force_prefix": false, 
  #       "value": "es"
  #     }, 
  #     {
  #       "position": 15, 
  #       "force_prefix": false, 
  #       "value": "st"
  #     }, 
  #     {
  #       "position": 16, 
  #       "force_prefix": false, 
  #       "value": "t."
  #     }, 
  #     {
  #       "position": 17, 
  #       "force_prefix": false, 
  #       "value": ".t"
  #     }, 
  #     {
  #       "position": 18, 
  #       "force_prefix": false, 
  #       "value": "tx"
  #     }, 
  #     {
  #       "position": 19, 
  #       "force_prefix": false, 
  #       "value": "xt"
  #     }, 
  #     {
  #       "position": 20, 
  #       "force_prefix": false, 
  #       "value": "t"
  #     }, 
  #     {
  #       "position": 21, 
  #       "force_prefix": false, 
  #       "value": "￰"
  #     }
  #   ]
  # ]
