Execution example::

  tokenize TokenRegexp "\\A/home/alice/" NormalizerAuto --mode GET
  # [
  #   [
  #     0, 
  #     1337566253.89858, 
  #     0.000355720520019531
  #   ], 
  #   [
  #     {
  #       "position": 0, 
  #       "value": "￯"
  #     }, 
  #     {
  #       "position": 1, 
  #       "value": "/h"
  #     }, 
  #     {
  #       "position": 2, 
  #       "value": "ho"
  #     }, 
  #     {
  #       "position": 3, 
  #       "value": "om"
  #     }, 
  #     {
  #       "position": 4, 
  #       "value": "me"
  #     }, 
  #     {
  #       "position": 5, 
  #       "value": "e/"
  #     }, 
  #     {
  #       "position": 6, 
  #       "value": "/a"
  #     }, 
  #     {
  #       "position": 7, 
  #       "value": "al"
  #     }, 
  #     {
  #       "position": 8, 
  #       "value": "li"
  #     }, 
  #     {
  #       "position": 9, 
  #       "value": "ic"
  #     }, 
  #     {
  #       "position": 10, 
  #       "value": "ce"
  #     }, 
  #     {
  #       "position": 11, 
  #       "value": "e/"
  #     }
  #   ]
  # ]
