Execution example::

  tokenize 'TokenDelimit("delimiter", ",", "delimiter", " ")' "Hello, World"
  # [
  #   [
  #     0,
  #     1337566253.89858,
  #     0.000355720520019531
  #   ],
  #   [
  #     {
  #       "value": "Hello",
  #       "position": 0,
  #       "force_prefix": false,
  #       "force_prefix_search": false
  #     },
  #     {
  #       "value": "World",
  #       "position": 1,
  #       "force_prefix": false,
  #       "force_prefix_search": false
  #     }
  #   ]
  # ]
