Execution example::

  load --table event_query --each 'suggest_preparer(_id, type, item, sequence, time, pair_query)'
  # [
  #   [
  #     -63, 
  #     1336612569.19674, 
  #     0.000920534133911133, 
  #     "Syntax error! (suggest_preparer(_id, type, item, sequence, time, pair_query))", 
  #     [
  #       [
  #         "yy_syntax_error", 
  #         "ecmascript.y", 
  #         19
  #       ]
  #     ]
  #   ]
  # ]
  [
  {"sequence": "3", "time": 1312950803.86057, "item": "search engine", "type": "submit"},
  {"sequence": "3", "time": 1312950808.86057, "item": "web search realtime", "type": "submit"}
  ]
  # [[0,1336612569.19674,0.203459024429321],2]
