形式：form
DB（データベース）：database
以下の：in the forllowing
（人・パラメータを）指定する：specify
xで値を囲む：enclose its value with x
項：paragraph
'command'でdoする：'command' does
groongaでは、：in using groonga
主キー：primary key
前方一致検索：prefix search
ID番号：ID-number
格納する：store
xはyであることを示す：x specifies y
語彙表：lexicon
全文検索：fulltext-searching
実行例：execution example
インデックスカラム：index-column
doしたいとする：will do
その（この）場合、：in this case
〜（文）についてはこのチュートリアルでは触れない：This tutorial does not explain 〜
語彙の位置情報：information of terminology existing position
条件：condition
xをカンマ区切りで：use comma between x
xは〜（文）の場合に有効である：x is available 〜
xを並び替える：puts x in order
昇順で：in ascending-order
降順で：in descending-order
全文検索インデックス：index of fulltext searching
groonga独自プロトコル：groonga original protocol
xの接続を受け付ける：accept connection for x
localhostのサーバ：server running at localhost
xは対話モードに入る：x run in interactive mode
ｘはｙが有効になっている必要がある：x must enables y
x（オプションなど）はy（形式）で渡す：x be passed as y
xなどのy（yという種類のもので、x意外を省略している場合）：x or any similar y for it
