Execution example::

  plugin_register functions/vector
  # [
  #   [
  #     -3, 
  #     1337566253.89858, 
  #     0.000355720520019531, 
  #     "[plugin][register] cannot find plugin file: </home/horimoto/work/release/groonga/groonga.clean/plugins/functions/vector.so>", 
  #     [
  #       [
  #         "grn_plugin_set_name_resolve_error", 
  #         "plugin.c", 
  #         790
  #       ]
  #     ]
  #   ], 
  #   false
  # ]
  logical_select \
    --logical_table Entries \
    --shard_key created_at \
    --columns[vector].stage initial \
    --columns[vector].flags COLUMN_VECTOR \
    --columns[vector].type UInt32 \
    --columns[vector].value 'vector_new(1, 2, 3)' \
    --output_columns _id,vector
  # [
  #   [
  #     -63, 
  #     1337566253.89858, 
  #     0.000355720520019531, 
  #     "syntax error: <Syntax error: <vector_new|(|1, 2, 3)>: [expr][parse] unknown identifier: <vector_new>>(-63)", 
  #     [
  #       [
  #         "#<Class:0x560098612ca0>.open", 
  #         "lib/mrb/scripts/table_cursor.rb", 
  #         12
  #       ]
  #     ]
  #   ]
  # ]
