Execution example::

  plugin_register functions/string
  # [
  #   [
  #     -3, 
  #     1337566253.89858, 
  #     0.000355720520019531, 
  #     "[plugin][register] cannot find plugin file: </home/horimoto/work/release/groonga/groonga.clean/plugins/functions/string.so>", 
  #     [
  #       [
  #         "grn_plugin_set_name_resolve_error", 
  #         "plugin.c", 
  #         790
  #       ]
  #     ]
  #   ], 
  #   false
  # ]
  logical_select \
    --logical_table Entries \
    --shard_key created_at \
    --columns[content_length].stage initial \
    --columns[content_length].type UInt32 \
    --columns[content_length].value 'string_length(content)' \
    --output_columns _id,content,content_length
  # [
  #   [
  #     -63, 
  #     1337566253.89858, 
  #     0.000355720520019531, 
  #     "syntax error: <Syntax error: <string_length|(|content)>: [expr][parse] unknown identifier: <string_length>>(-63)", 
  #     [
  #       [
  #         "#<Class:0x560098612ca0>.open", 
  #         "lib/mrb/scripts/table_cursor.rb", 
  #         12
  #       ]
  #     ]
  #   ]
  # ]
