Execution example::

  logical_select \
    --logical_table Entries \
    --shard_key created_at \
    --output_columns _key,tag \
    --drilldown tag
  # [
  #   [
  #     0,
  #     1337566253.89858,
  #     0.000355720520019531
  #   ],
  #   [
  #     [
  #       [
  #         5
  #       ],
  #       [
  #         [
  #           "_key",
  #           "ShortText"
  #         ],
  #         [
  #           "tag",
  #           "ShortText"
  #         ]
  #       ],
  #       [
  #         "The first post!",
  #         "Hello"
  #       ],
  #       [
  #         "Groonga",
  #         "Groonga"
  #       ],
  #       [
  #         "Mroonga",
  #         "Groonga"
  #       ],
  #       [
  #         "Good-bye Senna",
  #         "Senna"
  #       ],
  #       [
  #         "Good-bye Tritonn",
  #         "Senna"
  #       ]
  #     ],
  #     [
  #       [
  #         3
  #       ],
  #       [
  #         [
  #           "_key",
  #           "ShortText"
  #         ],
  #         [
  #           "_nsubrecs",
  #           "Int32"
  #         ]
  #       ],
  #       [
  #         "Hello",
  #         1
  #       ],
  #       [
  #         "Groonga",
  #         2
  #       ],
  #       [
  #         "Senna",
  #         2
  #       ]
  #     ]
  #   ]
  # ]
