Execution example::

  logical_select \
    --logical_table Entries \
    --shard_key created_at \
    --limit 0 \
    --output_columns _id \
    --drilldowns[tag.n_likes].keys tag \
    --drilldowns[tag.n_likes].offset 1
  # [
  #   [
  #     0,
  #     1337566253.89858,
  #     0.000355720520019531
  #   ],
  #   [
  #     [
  #       [
  #         5
  #       ],
  #       [
  #         [
  #           "_id",
  #           "UInt32"
  #         ]
  #       ]
  #     ],
  #     {
  #       "tag.n_likes": [
  #         [
  #           3
  #         ],
  #         [
  #           [
  #             "_key",
  #             "ShortText"
  #           ],
  #           [
  #             "_nsubrecs",
  #             "Int32"
  #           ]
  #         ],
  #         [
  #           "Groonga",
  #           2
  #         ],
  #         [
  #           "Senna",
  #           2
  #         ]
  #       ]
  #     }
  #   ]
  # ]
