Execution example::

  logical_select \
    --logical_table Entries \
    --shard_key created_at \
    --limit 0 \
    --output_columns _id \
    --drilldowns[tag].keys tag \
    --drilldowns[tag].columns[vector].stage initial \
    --drilldowns[tag].columns[vector].flags COLUMN_VECTOR \
    --drilldowns[tag].columns[vector].type ShortText \
    --drilldowns[tag].columns[vector].value 'vector_new("a", "b", "c")' \
    --drilldowns[tag].output_columns _key,vector
  # [
  #   [
  #     -63, 
  #     1337566253.89858, 
  #     0.000355720520019531, 
  #     "syntax error: <Syntax error: <vector_new|(|\"a\", \"b\", \"c\")>: [expr][parse] unknown identifier: <vector_new>>(-63)", 
  #     [
  #       [
  #         "Groonga::Sharding::DynamicColumnExecuteContext.apply", 
  #         "/home/horimoto/work/release/groonga/groonga.clean/plugins/sharding/dynamic_columns.rb", 
  #         110
  #       ]
  #     ]
  #   ]
  # ]
