Execution example::

  logical_select \
    --logical_table Entries \
    --shard_key created_at \
    --limit -1 \
    --output_columns tag,n_likes \
    --drilldown tag \
    --drilldown_calc_types MAX,MIN,SUM,AVG \
    --drilldown_calc_target n_likes \
    --drilldown_output_columns _key,_nsubrecs,_max,_min,_sum,_avg
  # [
  #   [
  #     0,
  #     1337566253.89858,
  #     0.000355720520019531
  #   ],
  #   [
  #     [
  #       [
  #         5
  #       ],
  #       [
  #         [
  #           "tag",
  #           "ShortText"
  #         ],
  #         [
  #           "n_likes",
  #           "UInt32"
  #         ]
  #       ],
  #       [
  #         "Hello",
  #         5
  #       ],
  #       [
  #         "Groonga",
  #         10
  #       ],
  #       [
  #         "Groonga",
  #         15
  #       ],
  #       [
  #         "Senna",
  #         3
  #       ],
  #       [
  #         "Senna",
  #         3
  #       ]
  #     ],
  #     [
  #       [
  #         3
  #       ],
  #       [
  #         [
  #           "_key",
  #           "ShortText"
  #         ],
  #         [
  #           "_nsubrecs",
  #           "Int32"
  #         ],
  #         [
  #           "_max",
  #           "Int64"
  #         ],
  #         [
  #           "_min",
  #           "Int64"
  #         ],
  #         [
  #           "_sum",
  #           "Int64"
  #         ],
  #         [
  #           "_avg",
  #           "Float"
  #         ]
  #       ],
  #       [
  #         "Hello",
  #         1,
  #         5,
  #         5,
  #         5,
  #         5.0
  #       ],
  #       [
  #         "Groonga",
  #         2,
  #         15,
  #         10,
  #         25,
  #         12.5
  #       ],
  #       [
  #         "Senna",
  #         2,
  #         3,
  #         3,
  #         6,
  #         3.0
  #       ]
  #     ]
  #   ]
  # ]
