Execution example::

  logical_select \
    --logical_table Entries \
    --shard_key created_at \
    --match_columns content \
    --query "fast"
  # [
  #   [
  #     0,
  #     1337566253.89858,
  #     0.000355720520019531
  #   ],
  #   [
  #     [
  #       [
  #         2
  #       ],
  #       [
  #         [
  #           "_id",
  #           "UInt32"
  #         ],
  #         [
  #           "_key",
  #           "ShortText"
  #         ],
  #         [
  #           "content",
  #           "Text"
  #         ],
  #         [
  #           "created_at",
  #           "Time"
  #         ],
  #         [
  #           "n_likes",
  #           "UInt32"
  #         ],
  #         [
  #           "tag",
  #           "ShortText"
  #         ]
  #       ],
  #       [
  #         2,
  #         "Groonga",
  #         "I started to use Groonga. It's very fast!",
  #         1436284800.0,
  #         10,
  #         "Groonga"
  #       ],
  #       [
  #         3,
  #         "Mroonga",
  #         "I also started to use Mroonga. It's also very fast! Really fast!",
  #         1436288400.0,
  #         15,
  #         "Groonga"
  #       ]
  #     ]
  #   ]
  # ]
