Execution example::

  select Users --filter "escalate('age >= 65', 0, 'age >= 60', 0, 'age >= 50', 0, 'age >= 40', 0, 'age >= 30', 0, 'age >= 20')"
  # [
  #   [
  #     0,
  #     1337566253.89858,
  #     0.000355720520019531
  #   ],
  #   [
  #     [
  #       [
  #         2
  #       ],
  #       [
  #         [
  #           "_id",
  #           "UInt32"
  #         ],
  #         [
  #           "_key",
  #           "ShortText"
  #         ],
  #         [
  #           "age",
  #           "Int32"
  #         ]
  #       ],
  #       [
  #         5,
  #         "Eric",
  #         20
  #       ],
  #       [
  #         6,
  #         "Frank",
  #         21
  #       ]
  #     ]
  #   ]
  # ]
