Execution example::

  plugin_register ruby/load
  # [
  #   [
  #     -3, 
  #     1337566253.89858, 
  #     0.000355720520019531, 
  #     "[plugin][register] cannot find plugin file: </home/horimoto/work/release/groonga/groonga.clean/plugins/ruby/load.so>", 
  #     [
  #       [
  #         "grn_plugin_set_name_resolve_error", 
  #         "plugin.c", 
  #         790
  #       ]
  #     ]
  #   ], 
  #   false
  # ]
  ruby_load "expression.rb"
  # [
  #   [
  #     -22, 
  #     1337566253.89858, 
  #     0.000355720520019531, 
  #     "invalid command name: ruby_load", 
  #     [
  #       [
  #         "grn_ctx_qe_exec", 
  #         "ctx.c", 
  #         1284
  #       ]
  #     ]
  #   ]
  # ]
