Execution example::

  select Points \
    --columns[rank].stage filtered \
    --columns[rank].value 'window_rank()' \
    --columns[rank].type UInt32 \
    --columns[rank].window.sort_keys score \
    --output_columns 'game, score, rank' \
    --sort_keys score
  # [
  #   [
  #     0, 
  #     1337566253.89858, 
  #     0.000355720520019531
  #   ], 
  #   [
  #     [
  #       [
  #         8
  #       ], 
  #       [
  #         [
  #           "game", 
  #           "ShortText"
  #         ], 
  #         [
  #           "score", 
  #           "UInt32"
  #         ], 
  #         [
  #           "rank", 
  #           "UInt32"
  #         ]
  #       ], 
  #       [
  #         "game1", 
  #         100, 
  #         1
  #       ], 
  #       [
  #         "game1", 
  #         100, 
  #         1
  #       ], 
  #       [
  #         "game2", 
  #         150, 
  #         3
  #       ], 
  #       [
  #         "game2", 
  #         200, 
  #         4
  #       ], 
  #       [
  #         "game2", 
  #         200, 
  #         4
  #       ], 
  #       [
  #         "game1", 
  #         200, 
  #         4
  #       ], 
  #       [
  #         "game2", 
  #         200, 
  #         4
  #       ], 
  #       [
  #         "game1", 
  #         400, 
  #         8
  #       ]
  #     ]
  #   ]
  # ]
