Execution example::

  suggest --table item_query --column kana --types complete --frequency_threshold 1 --query en
  # [
  #   [
  #     0, 
  #     1336611804.53526, 
  #     0.000535488128662109
  #   ], 
  #   {
  #     "complete": [
  #       [
  #         1
  #       ], 
  #       [
  #         [
  #           "_key", 
  #           "ShortText"
  #         ], 
  #         [
  #           "_score", 
  #           "Int32"
  #         ]
  #       ], 
  #       [
  #         "engine", 
  #         1
  #       ]
  #     ]
  #   }
  # ]
