Execution example::

  suggest --table item_query --column kana --types correction --frequency_threshold 1 --query saerch
  # [
  #   [
  #     0, 
  #     1336468380.42915, 
  #     0.000398397445678711
  #   ], 
  #   {
  #     "correct": [
  #       [
  #         1
  #       ], 
  #       [
  #         [
  #           "_key", 
  #           "ShortText"
  #         ], 
  #         [
  #           "_score", 
  #           "Int32"
  #         ]
  #       ], 
  #       [
  #         "search", 
  #         1
  #       ]
  #     ]
  #   }
  # ]
