Execution example::

  suggest --table item_query --column kana --types suggest --frequency_threshold 1 --query search
  # [
  #   [
  #     0, 
  #     1336468379.78154, 
  #     0.000372171401977539
  #   ], 
  #   {
  #     "suggest": [
  #       [
  #         2
  #       ], 
  #       [
  #         [
  #           "_key", 
  #           "ShortText"
  #         ], 
  #         [
  #           "_score", 
  #           "Int32"
  #         ]
  #       ], 
  #       [
  #         "search engine", 
  #         1
  #       ], 
  #       [
  #         "web search realtime", 
  #         1
  #       ]
  #     ]
  #   }
  # ]
