Execution example::

  select NearTokens --match_columns content --query '*NPP2,-1"(a x) (b c y) (d$ .$)"'
  # [
  #   [
  #     0, 
  #     1337566253.89858, 
  #     0.000355720520019531
  #   ], 
  #   [
  #     [
  #       [
  #         4
  #       ], 
  #       [
  #         [
  #           "_id", 
  #           "UInt32"
  #         ], 
  #         [
  #           "content", 
  #           "ShortText"
  #         ]
  #       ], 
  #       [
  #         4, 
  #         "a 1 b 2 c 3 d"
  #       ], 
  #       [
  #         5, 
  #         "a b c d 1 2 3"
  #       ], 
  #       [
  #         8, 
  #         "x 1 y 2 3 4 . x 1 2 y 3 z 4 5 6 7 ."
  #       ], 
  #       [
  #         10, 
  #         "x 1 2 3 y 4 . x 1 y 2 z 3 4 5 6 7 ."
  #       ]
  #     ]
  #   ]
  # ]
