Execution example::

  select NearTokens --match_columns content --query '*N11,5|5"a b c"'
  # [
  #   [
  #     0,
  #     1337566253.89858,
  #     0.000355720520019531
  #   ],
  #   [
  #     [
  #       [
  #         3
  #       ],
  #       [
  #         [
  #           "_id",
  #           "UInt32"
  #         ],
  #         [
  #           "content",
  #           "ShortText"
  #         ]
  #       ],
  #       [
  #         1,
  #         "a 1 2 3 4 5 b 6 7 8 9 10 c"
  #       ],
  #       [
  #         4,
  #         "a 1 b 2 c 3 d"
  #       ],
  #       [
  #         5,
  #         "a b c d 1 2 3"
  #       ]
  #     ]
  #   ]
  # ]
  select NearTokens --match_columns content --query '*N11,5|6"a b c"'
  # [
  #   [
  #     0,
  #     1337566253.89858,
  #     0.000355720520019531
  #   ],
  #   [
  #     [
  #       [
  #         4
  #       ],
  #       [
  #         [
  #           "_id",
  #           "UInt32"
  #         ],
  #         [
  #           "content",
  #           "ShortText"
  #         ]
  #       ],
  #       [
  #         1,
  #         "a 1 2 3 4 5 b 6 7 8 9 10 c"
  #       ],
  #       [
  #         2,
  #         "a 1 2 3 4 5 b 6 7 8 9 10 11 c"
  #       ],
  #       [
  #         4,
  #         "a 1 b 2 c 3 d"
  #       ],
  #       [
  #         5,
  #         "a b c d 1 2 3"
  #       ]
  #     ]
  #   ]
  # ]
