Execution example::

  load --table NearTokens
  [
  {"content": "x 1 y 2 3 4 . x 1 2 y 3 z 4 5 6 7 ."},
  {"content": "x 1 2 y 3 4 . x 1 2 y 3 z 4 5 6 7 ."},
  {"content": "x 1 2 3 y 4 . x 1 y 2 z 3 4 5 6 7 ."},
  ]
  # [[0,1337566253.89858,0.000355720520019531],3]
  select NearTokens --match_columns content --query '*NP2,-1"x y .$"'
  # [
  #   [
  #     0,
  #     1337566253.89858,
  #     0.000355720520019531
  #   ],
  #   [
  #     [
  #       [
  #         3
  #       ],
  #       [
  #         [
  #           "_id",
  #           "UInt32"
  #         ],
  #         [
  #           "content",
  #           "ShortText"
  #         ]
  #       ],
  #       [
  #         8,
  #         "x 1 y 2 3 4 . x 1 2 y 3 z 4 5 6 7 ."
  #       ],
  #       [
  #         9,
  #         "x 1 2 y 3 4 . x 1 2 y 3 z 4 5 6 7 ."
  #       ],
  #       [
  #         10,
  #         "x 1 2 3 y 4 . x 1 y 2 z 3 4 5 6 7 ."
  #       ]
  #     ]
  #   ]
  # ]
