Execution example::

  select NearTokens --match_columns content --query '*NPP11,0,5|5"(a x) (b y) (c z)"'
  # [
  #   [
  #     0,
  #     1337566253.89858,
  #     0.000355720520019531
  #   ],
  #   [
  #     [
  #       [
  #         6
  #       ],
  #       [
  #         [
  #           "_id",
  #           "UInt32"
  #         ],
  #         [
  #           "content",
  #           "ShortText"
  #         ]
  #       ],
  #       [
  #         1,
  #         "a 1 2 3 4 5 b 6 7 8 9 10 c"
  #       ],
  #       [
  #         4,
  #         "a 1 b 2 c 3 d"
  #       ],
  #       [
  #         5,
  #         "a b c d 1 2 3"
  #       ],
  #       [
  #         8,
  #         "x 1 y 2 3 4 . x 1 2 y 3 z 4 5 6 7 ."
  #       ],
  #       [
  #         9,
  #         "x 1 2 y 3 4 . x 1 2 y 3 z 4 5 6 7 ."
  #       ],
  #       [
  #         10,
  #         "x 1 2 3 y 4 . x 1 y 2 z 3 4 5 6 7 ."
  #       ]
  #     ]
  #   ]
  # ]
  select NearTokens --match_columns content --query '*NPP11,0,5|6"(a x) (b y) (c z)"'
  # [
  #   [
  #     0,
  #     1337566253.89858,
  #     0.000355720520019531
  #   ],
  #   [
  #     [
  #       [
  #         6
  #       ],
  #       [
  #         [
  #           "_id",
  #           "UInt32"
  #         ],
  #         [
  #           "content",
  #           "ShortText"
  #         ]
  #       ],
  #       [
  #         1,
  #         "a 1 2 3 4 5 b 6 7 8 9 10 c"
  #       ],
  #       [
  #         4,
  #         "a 1 b 2 c 3 d"
  #       ],
  #       [
  #         5,
  #         "a b c d 1 2 3"
  #       ],
  #       [
  #         8,
  #         "x 1 y 2 3 4 . x 1 2 y 3 z 4 5 6 7 ."
  #       ],
  #       [
  #         9,
  #         "x 1 2 y 3 4 . x 1 2 y 3 z 4 5 6 7 ."
  #       ],
  #       [
  #         10,
  #         "x 1 2 3 y 4 . x 1 y 2 z 3 4 5 6 7 ."
  #       ]
  #     ]
  #   ]
  # ]
