Execution example::

  select NearTokens --match_columns content --query '*NP2,4"x y .$"'
  # [
  #   [
  #     0, 
  #     1337566253.89858, 
  #     0.000355720520019531
  #   ], 
  #   [
  #     [
  #       [
  #         1
  #       ], 
  #       [
  #         [
  #           "_id", 
  #           "UInt32"
  #         ], 
  #         [
  #           "content", 
  #           "ShortText"
  #         ]
  #       ], 
  #       [
  #         8, 
  #         "x 1 y 2 3 4 . x 1 2 y 3 z 4 5 6 7 ."
  #       ]
  #     ]
  #   ]
  # ]
