Execution example::

  select Entries --query 'n_likes:>10 OR content:@senna'
  # [
  #   [
  #     0,
  #     1337566253.89858,
  #     0.000355720520019531
  #   ],
  #   [
  #     [
  #       [
  #         2
  #       ],
  #       [
  #         [
  #           "_id",
  #           "UInt32"
  #         ],
  #         [
  #           "_key",
  #           "ShortText"
  #         ],
  #         [
  #           "content",
  #           "Text"
  #         ],
  #         [
  #           "n_likes",
  #           "UInt32"
  #         ]
  #       ],
  #       [
  #         3,
  #         "Mroonga",
  #         "I also started to use Mroonga. It's also very fast! Really fast!",
  #         15
  #       ],
  #       [
  #         4,
  #         "Good-bye Senna",
  #         "I migrated all Senna system!",
  #         3
  #       ]
  #     ]
  #   ]
  # ]
