Execution example::

  select Memos \
    --match_columns "scorer_tf_idf(content) * 10" \
    --query "Groonga" \
    --output_columns "content, _score" \
    --sort_keys "-_score"
  # [
  #   [
  #     0,
  #     1337566253.89858,
  #     0.000355720520019531
  #   ],
  #   [
  #     [
  #       [
  #         2
  #       ],
  #       [
  #         [
  #           "content",
  #           "Text"
  #         ],
  #         [
  #           "_score",
  #           "Int32"
  #         ]
  #       ],
  #       [
  #         "Groonga! Groonga! Groonga! Groonga is very fast!",
  #         22
  #       ],
  #       [
  #         "Groonga is very easy full text search engine!",
  #         10
  #       ]
  #     ]
  #   ]
  # ]
