Execution example::

  table_create  Logs_20160318 TABLE_NO_KEY
  # [[0,1337566253.89858,0.000355720520019531],true]
  column_create Logs_20160318 timestamp COLUMN_SCALAR Time
  # [[0,1337566253.89858,0.000355720520019531],true]
  load --table Logs_20160318
  [
  {"timestamp": "2016-03-18 00:30:00"},
  {"timestamp": "2016-03-18 01:00:00"},
  {"timestamp": "2016-03-18 02:00:00"}
  ]
  # [[0,1337566253.89858,0.000355720520019531],3]
  table_create  Logs_20160319 TABLE_NO_KEY
  # [[0,1337566253.89858,0.000355720520019531],true]
  column_create Logs_20160319 timestamp COLUMN_SCALAR Time
  # [[0,1337566253.89858,0.000355720520019531],true]
  load --table Logs_20160319
  [
  {"timestamp": "2016-03-19 00:30:00"},
  {"timestamp": "2016-03-19 01:00:00"}
  ]
  # [[0,1337566253.89858,0.000355720520019531],2]
