Execution example::

  select Users --filter 'age < 20'
  # [
  #   [
  #     0,
  #     1337566253.89858,
  #     0.000355720520019531
  #   ],
  #   [
  #     [
  #       [
  #         1
  #       ],
  #       [
  #         [
  #           "_id",
  #           "UInt32"
  #         ],
  #         [
  #           "_key",
  #           "ShortText"
  #         ],
  #         [
  #           "age",
  #           "UInt8"
  #         ]
  #       ],
  #       [
  #         1,
  #         "alice",
  #         14
  #       ]
  #     ]
  #   ]
  # ]
