Execution example::

  {"sequence": "2", "time": 1312950803.86057, "item": "s"},
  {"sequence": "2", "time": 1312950803.96857, "item": "sa"},
  {"sequence": "2", "time": 1312950804.26057, "item": "sae"},
  {"sequence": "2", "time": 1312950804.56057, "item": "saer"},
  {"sequence": "2", "time": 1312950804.76057, "item": "saerc"},
  {"sequence": "2", "time": 1312950805.76057, "item": "saerch", "type": "submit"},
  {"sequence": "2", "time": 1312950809.76057, "item": "serch"},
  {"sequence": "2", "time": 1312950810.86057, "item": "search", "type": "submit"}
  ]
  # [
  #   [
  #     -22, 
  #     1337566253.89858, 
  #     0.000355720520019531, 
  #     "invalid command name: {", 
  #     [
  #       [
  #         "grn_ctx_qe_exec", 
  #         "ctx.c", 
  #         1284
  #       ]
  #     ]
  #   ]
  # ]
  # [
  #   [
  #     -22, 
  #     1337566253.89858, 
  #     0.000355720520019531, 
  #     "invalid command name: {", 
  #     [
  #       [
  #         "grn_ctx_qe_exec", 
  #         "ctx.c", 
  #         1284
  #       ]
  #     ]
  #   ]
  # ]
  # [
  #   [
  #     -22, 
  #     1337566253.89858, 
  #     0.000355720520019531, 
  #     "invalid command name: {", 
  #     [
  #       [
  #         "grn_ctx_qe_exec", 
  #         "ctx.c", 
  #         1284
  #       ]
  #     ]
  #   ]
  # ]
  # [
  #   [
  #     -22, 
  #     1337566253.89858, 
  #     0.000355720520019531, 
  #     "invalid command name: {", 
  #     [
  #       [
  #         "grn_ctx_qe_exec", 
  #         "ctx.c", 
  #         1284
  #       ]
  #     ]
  #   ]
  # ]
  # [
  #   [
  #     -22, 
  #     1337566253.89858, 
  #     0.000355720520019531, 
  #     "invalid command name: {", 
  #     [
  #       [
  #         "grn_ctx_qe_exec", 
  #         "ctx.c", 
  #         1284
  #       ]
  #     ]
  #   ]
  # ]
  # [
  #   [
  #     -22, 
  #     1337566253.89858, 
  #     0.000355720520019531, 
  #     "invalid command name: {", 
  #     [
  #       [
  #         "grn_ctx_qe_exec", 
  #         "ctx.c", 
  #         1284
  #       ]
  #     ]
  #   ]
  # ]
  # [
  #   [
  #     -22, 
  #     1337566253.89858, 
  #     0.000355720520019531, 
  #     "invalid command name: {", 
  #     [
  #       [
  #         "grn_ctx_qe_exec", 
  #         "ctx.c", 
  #         1284
  #       ]
  #     ]
  #   ]
  # ]
  # [
  #   [
  #     -22, 
  #     1337566253.89858, 
  #     0.000355720520019531, 
  #     "invalid command name: {", 
  #     [
  #       [
  #         "grn_ctx_qe_exec", 
  #         "ctx.c", 
  #         1284
  #       ]
  #     ]
  #   ]
  # ]
  # [
  #   [
  #     -22, 
  #     1337566253.89858, 
  #     0.000355720520019531, 
  #     "invalid command name: ]", 
  #     [
  #       [
  #         "grn_ctx_qe_exec", 
  #         "ctx.c", 
  #         1284
  #       ]
  #     ]
  #   ]
  # ]
