Execution example::

  select Memos --output_columns 'tags, vector_size(tags)'
  # [
  #   [
  #     0,
  #     1337566253.89858,
  #     0.000355720520019531
  #   ],
  #   [
  #     [
  #       [
  #         3
  #       ],
  #       [
  #         [
  #           "tags",
  #           "ShortText"
  #         ],
  #         [
  #           "vector_size",
  #           null
  #         ]
  #       ],
  #       [
  #         [
  #           "Groonga"
  #         ],
  #         1
  #       ],
  #       [
  #         [
  #           "Groonga",
  #           "Ruby"
  #         ],
  #         2
  #       ],
  #       [
  #         [
  # 
  #         ],
  #         0
  #       ]
  #     ]
  #   ]
  # ]
