Execution example::

  column_create --table ToyBox --name location --type WGS84GeoPoint
  # [[0,1336611823.05786,0.000207662582397461],true]
  load --table ToyBox
  [
  {"_key":"Monkey","location":"128452975x503157902"}
  {"_key":"Block","location":"35.6813819x139.7660839"}
  ]
  # [[0,1336611823.25875,0.200576543807983],2]
  select --table ToyBox --output_columns _key,location
  # [
  #   [
  #     0, 
  #     1336611823.65991, 
  #     0.000181436538696289
  #   ], 
  #   [
  #     [
  #       [
  #         3
  #       ], 
  #       [
  #         [
  #           "_key", 
  #           "ShortText"
  #         ], 
  #         [
  #           "location", 
  #           "WGS84GeoPoint"
  #         ]
  #       ], 
  #       [
  #         "Monkey", 
  #         "128452975x503157902"
  #       ], 
  #       [
  #         "Flower", 
  #         "0x0"
  #       ], 
  #       [
  #         "Block", 
  #         "128452975x503157902"
  #       ]
  #     ]
  #   ]
  # ]
