Execution example::

  > column_create --table Site --name links --flags COLUMN_VECTOR --type Site
  [[0,1335519613.08263,0.00126886367797852],true]
  > load --table Site
  > [{"_key":"http://example.org/","links":["http://example.net/","http://example.org/","http://example.com/"]}]
  [[0,1335519613.28473,0.200579166412354],1]
  > select --table Site --output_columns _key,title,links._key,links.title --query title:@this
  [
    [
      0, 
      1335519613.68602, 
      0.000647306442260742
    ], 
    [
      [
        [
          1
        ], 
        [
          [
            "_key", 
            "ShortText"
          ], 
          [
            "title", 
            "ShortText"
          ], 
          [
            "links._key", 
            "ShortText"
          ], 
          [
            "links.title", 
            "ShortText"
          ]
        ], 
        [
          "http://example.org/", 
          "This is test record 1!", 
          [
            "http://example.net/", 
            "http://example.org/", 
            "http://example.com/"
          ], 
          [
            "test record 2.", 
            "This is test record 1!", 
            "test test record three."
          ]
        ]
      ]
    ]
  ]
  