Execution example::

  column_create --table ToyBox --name time --type Time
  # [[0,1336468396.85832,0.000158786773681641],true]
  load --table ToyBox
  [
  {"_key":"Flower","time":1234567890.1234569999}
  {"_key":"Block","time":-1234567890}
  ]
  # [[0,1336468397.05898,0.200578927993774],2]
  select --table ToyBox --output_columns _key,time
  # [
  #   [
  #     0, 
  #     1336468397.46003, 
  #     0.000164031982421875
  #   ], 
  #   [
  #     [
  #       [
  #         3
  #       ], 
  #       [
  #         [
  #           "_key", 
  #           "ShortText"
  #         ], 
  #         [
  #           "time", 
  #           "Time"
  #         ]
  #       ], 
  #       [
  #         "Monkey", 
  #         0.0
  #       ], 
  #       [
  #         "Flower", 
  #         1234567890.12346
  #       ], 
  #       [
  #         "Block", 
  #         -1234567890.0
  #       ]
  #     ]
  #   ]
  # ]
