Execution example::

  select --table Site --limit 0 --filter "domain._id == 1" --drilldown country
  # [
  #   [
  #     0,
  #     1337566253.89858,
  #     0.000355720520019531
  #   ],
  #   [
  #     [
  #       [
  #         3
  #       ],
  #       [
  #         [
  #           "_id",
  #           "UInt32"
  #         ],
  #         [
  #           "_key",
  #           "ShortText"
  #         ],
  #         [
  #           "country",
  #           "SiteCountry"
  #         ],
  #         [
  #           "domain",
  #           "SiteDomain"
  #         ],
  #         [
  #           "link",
  #           "Site"
  #         ],
  #         [
  #           "links",
  #           "Site"
  #         ],
  #         [
  #           "location",
  #           "WGS84GeoPoint"
  #         ],
  #         [
  #           "title",
  #           "ShortText"
  #         ]
  #       ]
  #     ],
  #     [
  #       [
  #         3
  #       ],
  #       [
  #         [
  #           "_key",
  #           "ShortText"
  #         ],
  #         [
  #           "_nsubrecs",
  #           "Int32"
  #         ]
  #       ],
  #       [
  #         "japan",
  #         1
  #       ],
  #       [
  #         "korea",
  #         1
  #       ],
  #       [
  #         "usa",
  #         1
  #       ]
  #     ]
  #   ]
  # ]
