Execution example::

  select --table Site --limit 0 --drilldown domain --drilldown_output_columns _id,_key,_nsubrecs
  # [
  #   [
  #     0, 
  #     1336611852.74141, 
  #     0.000358104705810547
  #   ], 
  #   [
  #     [
  #       [
  #         9
  #       ], 
  #       [
  #         [
  #           "_id", 
  #           "UInt32"
  #         ], 
  #         [
  #           "_key", 
  #           "ShortText"
  #         ], 
  #         [
  #           "country", 
  #           "SiteCountry"
  #         ], 
  #         [
  #           "domain", 
  #           "SiteDomain"
  #         ], 
  #         [
  #           "link", 
  #           "Site"
  #         ], 
  #         [
  #           "links", 
  #           "Site"
  #         ], 
  #         [
  #           "location", 
  #           "WGS84GeoPoint"
  #         ], 
  #         [
  #           "title", 
  #           "ShortText"
  #         ]
  #       ]
  #     ], 
  #     [
  #       [
  #         3
  #       ], 
  #       [
  #         [
  #           "_id", 
  #           "UInt32"
  #         ], 
  #         [
  #           "_key", 
  #           "ShortText"
  #         ], 
  #         [
  #           "_nsubrecs", 
  #           "Int32"
  #         ]
  #       ], 
  #       [
  #         1, 
  #         ".org", 
  #         3
  #       ], 
  #       [
  #         2, 
  #         ".net", 
  #         3
  #       ], 
  #       [
  #         3, 
  #         ".com", 
  #         3
  #       ]
  #     ]
  #   ]
  # ]
