Execution example::

  select --table Site --limit 0 --drilldown country --drilldown_sortby _nsubrecs
  # [
  #   [
  #     0, 
  #     1336611853.14965, 
  #     0.000450611114501953
  #   ], 
  #   [
  #     [
  #       [
  #         9
  #       ], 
  #       [
  #         [
  #           "_id", 
  #           "UInt32"
  #         ], 
  #         [
  #           "_key", 
  #           "ShortText"
  #         ], 
  #         [
  #           "country", 
  #           "SiteCountry"
  #         ], 
  #         [
  #           "domain", 
  #           "SiteDomain"
  #         ], 
  #         [
  #           "link", 
  #           "Site"
  #         ], 
  #         [
  #           "links", 
  #           "Site"
  #         ], 
  #         [
  #           "location", 
  #           "WGS84GeoPoint"
  #         ], 
  #         [
  #           "title", 
  #           "ShortText"
  #         ]
  #       ]
  #     ], 
  #     [
  #       [
  #         5
  #       ], 
  #       [
  #         [
  #           "_key", 
  #           "ShortText"
  #         ], 
  #         [
  #           "_nsubrecs", 
  #           "Int32"
  #         ]
  #       ], 
  #       [
  #         "brazil", 
  #         1
  #       ], 
  #       [
  #         "korea", 
  #         1
  #       ], 
  #       [
  #         "usa", 
  #         2
  #       ], 
  #       [
  #         "china", 
  #         2
  #       ], 
  #       [
  #         "japan", 
  #         3
  #       ]
  #     ]
  #   ]
  # ]
