Execution example::

  select --table Site --limit 0 --drilldown country --drilldown_sort_keys _nsubrecs
  # [
  #   [
  #     0,
  #     1337566253.89858,
  #     0.000355720520019531
  #   ],
  #   [
  #     [
  #       [
  #         9
  #       ],
  #       [
  #         [
  #           "_id",
  #           "UInt32"
  #         ],
  #         [
  #           "_key",
  #           "ShortText"
  #         ],
  #         [
  #           "country",
  #           "SiteCountry"
  #         ],
  #         [
  #           "domain",
  #           "SiteDomain"
  #         ],
  #         [
  #           "link",
  #           "Site"
  #         ],
  #         [
  #           "links",
  #           "Site"
  #         ],
  #         [
  #           "location",
  #           "WGS84GeoPoint"
  #         ],
  #         [
  #           "title",
  #           "ShortText"
  #         ]
  #       ]
  #     ],
  #     [
  #       [
  #         5
  #       ],
  #       [
  #         [
  #           "_key",
  #           "ShortText"
  #         ],
  #         [
  #           "_nsubrecs",
  #           "Int32"
  #         ]
  #       ],
  #       [
  #         "brazil",
  #         1
  #       ],
  #       [
  #         "korea",
  #         1
  #       ],
  #       [
  #         "usa",
  #         2
  #       ],
  #       [
  #         "china",
  #         2
  #       ],
  #       [
  #         "japan",
  #         3
  #       ]
  #     ]
  #   ]
  # ]
