Execution example::

  select --table Site --limit 0 --drilldown country --drilldown_sortby _nsubrecs --drilldown_limit 2 --drilldown_offset 2
  # [
  #   [
  #     0, 
  #     1336611853.35361, 
  #     0.000497102737426758
  #   ], 
  #   [
  #     [
  #       [
  #         9
  #       ], 
  #       [
  #         [
  #           "_id", 
  #           "UInt32"
  #         ], 
  #         [
  #           "_key", 
  #           "ShortText"
  #         ], 
  #         [
  #           "country", 
  #           "SiteCountry"
  #         ], 
  #         [
  #           "domain", 
  #           "SiteDomain"
  #         ], 
  #         [
  #           "link", 
  #           "Site"
  #         ], 
  #         [
  #           "links", 
  #           "Site"
  #         ], 
  #         [
  #           "location", 
  #           "WGS84GeoPoint"
  #         ], 
  #         [
  #           "title", 
  #           "ShortText"
  #         ]
  #       ]
  #     ], 
  #     [
  #       [
  #         5
  #       ], 
  #       [
  #         [
  #           "_key", 
  #           "ShortText"
  #         ], 
  #         [
  #           "_nsubrecs", 
  #           "Int32"
  #         ]
  #       ], 
  #       [
  #         "usa", 
  #         2
  #       ], 
  #       [
  #         "china", 
  #         2
  #       ]
  #     ]
  #   ]
  # ]
