Execution example::

  > table_create --name Video --flags TABLE_HASH_KEY --key_type UInt32
  [[0,1317212832.70606,0.061331715],true]
  > table_create --name Tag --flags TABLE_HASH_KEY --key_type ShortText
  [[0,1317212832.968,0.039868236],true]
  > column_create --table Video --name title --flags COLUMN_SCALAR --type ShortText
  [[0,1317212833.20833,0.040494862],true]
  > column_create --table Video --name tags --flags COLUMN_VECTOR --type Tag
  [[0,1317212833.44939,0.051861409],true]
  > column_create --table Tag --name index_tags --flags COLUMN_INDEX --type Video --source tags
  [[0,1317212833.70185,0.092878953],true]
  > load --table Video
  > [
  > {"_key":1,"title":"Soccer 2010","tags":["Sports","Soccer"]},
  > {"_key":2,"title":"Zenigata Kinjirou","tags":["Variety","Money"]},
  > {"_key":3,"title":"groonga Demo","tags":["IT","Server","groonga"]},
  > {"_key":4,"title":"Moero!! Ultra Baseball","tags":["Sports","Baseball"]},
  > {"_key":5,"title":"Hex Gone!","tags":["Variety","Quiz"]},
  > {"_key":6,"title":"Pikonyan 1","tags":["Animation","Pikonyan"]},
  > {"_key":7,"title":"Draw 8 Month","tags":["Animation","Raccoon"]},
  > {"_key":8,"title":"K.O.","tags":["Animation","Music"]}
  > ]
  [[0,1317212833.99531,2.002850011],8]
  