Execution example::

  select --table User --limit 0 --drilldown friends
  # [
  #   [
  #     0, 
  #     1336611837.6504, 
  #     0.000432491302490234
  #   ], 
  #   [
  #     [
  #       [
  #         6
  #       ], 
  #       [
  #         [
  #           "_id", 
  #           "UInt32"
  #         ], 
  #         [
  #           "_key", 
  #           "ShortText"
  #         ], 
  #         [
  #           "friends", 
  #           "User"
  #         ], 
  #         [
  #           "index_friends", 
  #           "User"
  #         ], 
  #         [
  #           "username", 
  #           "ShortText"
  #         ]
  #       ]
  #     ], 
  #     [
  #       [
  #         6
  #       ], 
  #       [
  #         [
  #           "_key", 
  #           "ShortText"
  #         ], 
  #         [
  #           "_nsubrecs", 
  #           "Int32"
  #         ]
  #       ], 
  #       [
  #         "taro", 
  #         3
  #       ], 
  #       [
  #         "jiro", 
  #         3
  #       ], 
  #       [
  #         "tomo", 
  #         5
  #       ], 
  #       [
  #         "moritapo", 
  #         2
  #       ], 
  #       [
  #         "ken", 
  #         3
  #       ], 
  #       [
  #         "hana", 
  #         1
  #       ]
  #     ]
  #   ]
  # ]
