Execution example::

  > select --table Site --filter 'geo_in_circle(location, "128515259x503187188", 50000)' --output_columns _key,location,_score --sortby '-geo_distance(location, "128515259x503187188")' --scorer '_score = geo_distance(location, "128515259x503187188")'
  [
    [
      0, 
      1335519635.68736, 
      0.000502824783325195
    ], 
    [
      [
        [
          2
        ], 
        [
          [
            "_key", 
            "ShortText"
          ], 
          [
            "location", 
            "WGS84GeoPoint"
          ], 
          [
            "_score", 
            "Int32"
          ]
        ], 
        [
          "http://example.org/", 
          "128452975x503157902", 
          2054
        ], 
        [
          "http://example.net/", 
          "128487316x502920929", 
          6720
        ]
      ]
    ]
  ]
  