Execution example::

  table_create --name GeoIndex --flags TABLE_PAT_KEY --key_type WGS84GeoPoint
  # [[0,1336468412.42386,0.000223398208618164],true]
  column_create --table GeoIndex --name index_point --type Site --flags COLUMN_INDEX --source location
  # [[0,1336468412.62459,0.00424361228942871],true]
  load --table Site
  [
   {"_key":"http://example.org/","location":"128452975x503157902"},
   {"_key":"http://example.net/","location":"128487316x502920929"}
  ]
  # [[0,1336468412.82931,0.200539588928223],2]
  select --table Site --filter 'geo_in_circle(location, "128515259x503187188", 5000)' --output_columns _key,location
  # [
  #   [
  #     0, 
  #     1336468413.2306, 
  #     0.000440359115600586
  #   ], 
  #   [
  #     [
  #       [
  #         1
  #       ], 
  #       [
  #         [
  #           "_key", 
  #           "ShortText"
  #         ], 
  #         [
  #           "location", 
  #           "WGS84GeoPoint"
  #         ]
  #       ], 
  #       [
  #         "http://example.org/", 
  #         "128452975x503157902"
  #       ]
  #     ]
  #   ]
  # ]
