Execution example::

  select --table Video --query tags:@Variety --output_columns _key,title
  # [
  #   [
  #     0, 
  #     1336611835.42384, 
  #     0.000788211822509766
  #   ], 
  #   [
  #     [
  #       [
  #         2
  #       ], 
  #       [
  #         [
  #           "_key", 
  #           "UInt32"
  #         ], 
  #         [
  #           "title", 
  #           "ShortText"
  #         ]
  #       ], 
  #       [
  #         2, 
  #         "Zenigata Kinjirou"
  #       ], 
  #       [
  #         5, 
  #         "Hex Gone!"
  #       ]
  #     ]
  #   ]
  # ]
  select --table Video --query tags:@Sports --output_columns _key,title
  # [
  #   [
  #     0, 
  #     1336611835.62658, 
  #     0.000372886657714844
  #   ], 
  #   [
  #     [
  #       [
  #         2
  #       ], 
  #       [
  #         [
  #           "_key", 
  #           "UInt32"
  #         ], 
  #         [
  #           "title", 
  #           "ShortText"
  #         ]
  #       ], 
  #       [
  #         1, 
  #         "Soccer 2010"
  #       ], 
  #       [
  #         4, 
  #         "Moero!! Ultra Baseball"
  #       ]
  #     ]
  #   ]
  # ]
  select --table Video --query tags:@Animation --output_columns _key,title
  # [
  #   [
  #     0, 
  #     1336611835.82812, 
  #     0.000413179397583008
  #   ], 
  #   [
  #     [
  #       [
  #         3
  #       ], 
  #       [
  #         [
  #           "_key", 
  #           "UInt32"
  #         ], 
  #         [
  #           "title", 
  #           "ShortText"
  #         ]
  #       ], 
  #       [
  #         6, 
  #         "Pikonyan 1"
  #       ], 
  #       [
  #         7, 
  #         "Draw 8 Month"
  #       ], 
  #       [
  #         8, 
  #         "K.O."
  #       ]
  #     ]
  #   ]
  # ]
