Execution example::

  select --table Site --offset 0 --limit 3
  # [
  #   [
  #     0, 
  #     1336611844.20698, 
  #     0.00018000602722168
  #   ], 
  #   [
  #     [
  #       [
  #         9
  #       ], 
  #       [
  #         [
  #           "_id", 
  #           "UInt32"
  #         ], 
  #         [
  #           "_key", 
  #           "ShortText"
  #         ], 
  #         [
  #           "country", 
  #           "SiteCountry"
  #         ], 
  #         [
  #           "domain", 
  #           "SiteDomain"
  #         ], 
  #         [
  #           "link", 
  #           "Site"
  #         ], 
  #         [
  #           "links", 
  #           "Site"
  #         ], 
  #         [
  #           "location", 
  #           "WGS84GeoPoint"
  #         ], 
  #         [
  #           "title", 
  #           "ShortText"
  #         ]
  #       ], 
  #       [
  #         1, 
  #         "http://example.org/", 
  #         "japan", 
  #         ".org", 
  #         "http://example.net/", 
  #         [
  #           "http://example.net/", 
  #           "http://example.org/", 
  #           "http://example.com/"
  #         ], 
  #         "128452975x503157902", 
  #         "This is test record 1!"
  #       ], 
  #       [
  #         2, 
  #         "http://example.net/", 
  #         "brazil", 
  #         ".net", 
  #         "", 
  #         [], 
  #         "128487316x502920929", 
  #         "test record 2."
  #       ], 
  #       [
  #         3, 
  #         "http://example.com/", 
  #         "japan", 
  #         ".com", 
  #         "", 
  #         [], 
  #         "0x0", 
  #         "test test record three."
  #       ]
  #     ]
  #   ]
  # ]
  select --table Site --offset 3 --limit 3
  # [
  #   [
  #     0, 
  #     1336611844.40931, 
  #     0.000249385833740234
  #   ], 
  #   [
  #     [
  #       [
  #         9
  #       ], 
  #       [
  #         [
  #           "_id", 
  #           "UInt32"
  #         ], 
  #         [
  #           "_key", 
  #           "ShortText"
  #         ], 
  #         [
  #           "country", 
  #           "SiteCountry"
  #         ], 
  #         [
  #           "domain", 
  #           "SiteDomain"
  #         ], 
  #         [
  #           "link", 
  #           "Site"
  #         ], 
  #         [
  #           "links", 
  #           "Site"
  #         ], 
  #         [
  #           "location", 
  #           "WGS84GeoPoint"
  #         ], 
  #         [
  #           "title", 
  #           "ShortText"
  #         ]
  #       ], 
  #       [
  #         4, 
  #         "http://example.net/afr", 
  #         "usa", 
  #         ".net", 
  #         "", 
  #         [], 
  #         "0x0", 
  #         "test record four."
  #       ], 
  #       [
  #         5, 
  #         "http://example.org/aba", 
  #         "korea", 
  #         ".org", 
  #         "", 
  #         [], 
  #         "0x0", 
  #         "test test test record five."
  #       ], 
  #       [
  #         6, 
  #         "http://example.com/rab", 
  #         "china", 
  #         ".com", 
  #         "", 
  #         [], 
  #         "0x0", 
  #         "test test test test record six."
  #       ]
  #     ]
  #   ]
  # ]
  select --table Site --offset 7 --limit 3
  # [
  #   [
  #     0, 
  #     1336611844.61372, 
  #     0.000185012817382812
  #   ], 
  #   [
  #     [
  #       [
  #         9
  #       ], 
  #       [
  #         [
  #           "_id", 
  #           "UInt32"
  #         ], 
  #         [
  #           "_key", 
  #           "ShortText"
  #         ], 
  #         [
  #           "country", 
  #           "SiteCountry"
  #         ], 
  #         [
  #           "domain", 
  #           "SiteDomain"
  #         ], 
  #         [
  #           "link", 
  #           "Site"
  #         ], 
  #         [
  #           "links", 
  #           "Site"
  #         ], 
  #         [
  #           "location", 
  #           "WGS84GeoPoint"
  #         ], 
  #         [
  #           "title", 
  #           "ShortText"
  #         ]
  #       ], 
  #       [
  #         8, 
  #         "http://example.org/gat", 
  #         "usa", 
  #         ".org", 
  #         "", 
  #         [], 
  #         "0x0", 
  #         "test test record eight."
  #       ], 
  #       [
  #         9, 
  #         "http://example.com/vdw", 
  #         "japan", 
  #         ".com", 
  #         "", 
  #         [], 
  #         "0x0", 
  #         "test test record nine."
  #       ]
  #     ]
  #   ]
  # ]
