Execution example::

  select --table Site --query '_key:"http://example.org/"'
  # [
  #   [
  #     0, 
  #     1336611842.9839, 
  #     0.000544548034667969
  #   ], 
  #   [
  #     [
  #       [
  #         1
  #       ], 
  #       [
  #         [
  #           "_id", 
  #           "UInt32"
  #         ], 
  #         [
  #           "_key", 
  #           "ShortText"
  #         ], 
  #         [
  #           "country", 
  #           "SiteCountry"
  #         ], 
  #         [
  #           "domain", 
  #           "SiteDomain"
  #         ], 
  #         [
  #           "link", 
  #           "Site"
  #         ], 
  #         [
  #           "links", 
  #           "Site"
  #         ], 
  #         [
  #           "location", 
  #           "WGS84GeoPoint"
  #         ], 
  #         [
  #           "title", 
  #           "ShortText"
  #         ]
  #       ], 
  #       [
  #         1, 
  #         "http://example.org/", 
  #         "japan", 
  #         ".org", 
  #         "http://example.net/", 
  #         [
  #           "http://example.net/", 
  #           "http://example.org/", 
  #           "http://example.com/"
  #         ], 
  #         "128452975x503157902", 
  #         "This is test record 1!"
  #       ]
  #     ]
  #   ]
  # ]
