Execution example::

  column_create --table Site --name title --type ShortText
  # [
  #   [
  #	0,
  # 	1342584190.15707,
  # 	0.0806183815002441
  #   ],
  #   true
  # ]
  select --table Site
  # [
  #   [
  #	0,
  #	1342584642.15339,
  #	0.0175399780273438
  #   ],
  #   [
  #	[
  #	  [
  #	    0
  #	  ],
  #	  [
  #	    [
  #  	      "_id",
  #	      "UInt32"
  #	    ],
  #	    [
  #	      "_key",
  #	      "ShortText"
  #	    ],
  #	    [
  #	      "title",
  #	      "ShortText"
  #	    ]
  #	  ]
  #     ]
  #   ]
  # ]
