Execution example::

  select Articles --match_columns comment.content --query groonga --output_columns "_id, _score, *"
  # [
  #   [
  #     0,
  #     1337566253.89858,
  #     0.000355720520019531
  #   ],
  #   [
  #     [
  #       [
  #         1
  #       ],
  #       [
  #         [
  #           "_id",
  #           "UInt32"
  #         ],
  #         [
  #           "_score",
  #           "Int32"
  #         ],
  #         [
  #           "comment",
  #           "Comments"
  #         ],
  #         [
  #           "content",
  #           "Text"
  #         ]
  #       ],
  #       [
  #         1,
  #         1,
  #         1,
  #         "Groonga is fast!"
  #       ]
  #     ]
  #   ]
  # ]
