Execution example::

  select --table Entries --match_columns Terms.entries_body --query "Groonga"
  # [
  #   [
  #     0, 
  #     1337566253.89858, 
  #     0.000355720520019531
  #   ], 
  #   [
  #     [
  #       [
  #         1
  #       ], 
  #       [
  #         [
  #           "_id", 
  #           "UInt32"
  #         ], 
  #         [
  #           "_key", 
  #           "ShortText"
  #         ], 
  #         [
  #           "body", 
  #           "ShortText"
  #         ], 
  #         [
  #           "title", 
  #           "ShortText"
  #         ]
  #       ], 
  #       [
  #         2, 
  #         "http://example.com/entry2", 
  #         "I love Groonga!", 
  #         "Hello world."
  #       ]
  #     ]
  #   ]
  # ]
