Execution example::

  select --table Comments --query hash_tags:@groonga --output_columns posted_by.name,comment --drilldown posted_by
  # [
  #   [
  #     0, 
  #     1337566253.89858, 
  #     0.000355720520019531
  #   ], 
  #   [
  #     [
  #       [
  #         2
  #       ], 
  #       [
  #         [
  #           "posted_by.name", 
  #           "ShortText"
  #         ], 
  #         [
  #           "comment", 
  #           "ShortText"
  #         ]
  #       ], 
  #       [
  #         "Gunyara-kun", 
  #         "Groonga Now! #groonga"
  #       ], 
  #       [
  #         "Gunyara-kun", 
  #         "I'm come at Haneda Airport for development camp! #groonga #travel"
  #       ]
  #     ], 
  #     [
  #       [
  #         1
  #       ], 
  #       [
  #         [
  #           "_key", 
  #           "ShortText"
  #         ], 
  #         [
  #           "_nsubrecs", 
  #           "Int32"
  #         ]
  #       ], 
  #       [
  #         "tasukuchan", 
  #         2
  #       ]
  #     ]
  #   ]
  # ]
