Execution example::

  select --table Users --query follower:@tasukuchan --output_columns _key,name
  # [
  #   [
  #     0, 
  #     1336611839.50564, 
  #     0.000256776809692383
  #   ], 
  #   [
  #     [
  #       [
  #         2
  #       ], 
  #       [
  #         [
  #           "_key", 
  #           "ShortText"
  #         ], 
  #         [
  #           "name", 
  #           "ShortText"
  #         ]
  #       ], 
  #       [
  #         "daijiro", 
  #         "hsiomaneki"
  #       ], 
  #       [
  #         "OffGao", 
  #         "OffGao"
  #       ]
  #     ]
  #   ]
  # ]
