Execution example::

  select Comments --filter 'last_modified<=1268802000' --output_columns posted_by.name,comment,last_modified --drilldown hash_tags,posted_by
  # [
  #   [
  #     0, 
  #     1337566253.89858, 
  #     0.000355720520019531
  #   ], 
  #   [
  #     [
  #       [
  #         5
  #       ], 
  #       [
  #         [
  #           "posted_by.name", 
  #           "ShortText"
  #         ], 
  #         [
  #           "comment", 
  #           "ShortText"
  #         ], 
  #         [
  #           "last_modified", 
  #           "Time"
  #         ]
  #       ], 
  #       [
  #         "hsiomaneki", 
  #         "I've created micro-blog!", 
  #         1268795100.0
  #       ], 
  #       [
  #         "Gunyara-kun", 
  #         "First post. test,test...", 
  #         1268794800.0
  #       ], 
  #       [
  #         "hsiomaneki", 
  #         "@tasukuchan Welcome!!!", 
  #         1268795100.0
  #       ], 
  #       [
  #         "Gunyara-kun", 
  #         "@daijiro Thanks!", 
  #         1268798400.0
  #       ], 
  #       [
  #         "Gunyara-kun", 
  #         "Groonga Now! #groonga", 
  #         1268802000.0
  #       ]
  #     ], 
  #     [
  #       [
  #         1
  #       ], 
  #       [
  #         [
  #           "_key", 
  #           "ShortText"
  #         ], 
  #         [
  #           "_nsubrecs", 
  #           "Int32"
  #         ]
  #       ], 
  #       [
  #         "groonga", 
  #         1
  #       ]
  #     ], 
  #     [
  #       [
  #         2
  #       ], 
  #       [
  #         [
  #           "_key", 
  #           "ShortText"
  #         ], 
  #         [
  #           "_nsubrecs", 
  #           "Int32"
  #         ]
  #       ], 
  #       [
  #         "daijiro", 
  #         2
  #       ], 
  #       [
  #         "tasukuchan", 
  #         3
  #       ]
  #     ]
  #   ]
  # ]
