Execution example::

  select --table Users --match_columns name,location_str,description --query "New York" --output_columns _key,name
  # [[0, 1337566253.89858, 0.000355720520019531], true]
  # [[0, 1337566253.89858, 0.000355720520019531], true]
  # [[0, 1337566253.89858, 0.000355720520019531], true]
  # [[0, 1337566253.89858, 0.000355720520019531], true]
  # [[0, 1337566253.89858, 0.000355720520019531], true]
  # [
  #   [
  #     -63, 
  #     1337566253.89858, 
  #     0.000355720520019531, 
  #     "Syntax error: <name|,|location_str,description>: [expr][parse] unknown identifier: <name>", 
  #     [
  #       [
  #         "yy_syntax_error", 
  #         "grn_ecmascript.lemon", 
  #         41
  #       ]
  #     ]
  #   ]
  # ]
