Execution example::

  select --table Comments --filter 'geo_in_circle(location,"127975798x502919856",20000)' --output_columns posted_by.name,comment --drilldown hash_tags,posted_by
  # [
  #   [
  #     0, 
  #     1337566253.89858, 
  #     0.000355720520019531
  #   ], 
  #   [
  #     [
  #       [
  #         4
  #       ], 
  #       [
  #         [
  #           "posted_by.name", 
  #           "ShortText"
  #         ], 
  #         [
  #           "comment", 
  #           "ShortText"
  #         ]
  #       ], 
  #       [
  #         "Gunyara-kun", 
  #         "I'm come at Haneda Airport for development camp! #groonga #travel"
  #       ], 
  #       [
  #         "Gunyara-kun", 
  #         "Groonga Now! #groonga"
  #       ], 
  #       [
  #         "OffGao", 
  #         "@daijiro @tasukuchan I've tried to register!"
  #       ], 
  #       [
  #         "OffGao", 
  #         "I'm at Nakano broadway now!"
  #       ]
  #     ], 
  #     [
  #       [
  #         2
  #       ], 
  #       [
  #         [
  #           "_key", 
  #           "ShortText"
  #         ], 
  #         [
  #           "_nsubrecs", 
  #           "Int32"
  #         ]
  #       ], 
  #       [
  #         "groonga", 
  #         2
  #       ], 
  #       [
  #         "travel", 
  #         1
  #       ]
  #     ], 
  #     [
  #       [
  #         2
  #       ], 
  #       [
  #         [
  #           "_key", 
  #           "ShortText"
  #         ], 
  #         [
  #           "_nsubrecs", 
  #           "Int32"
  #         ]
  #       ], 
  #       [
  #         "tasukuchan", 
  #         2
  #       ], 
  #       [
  #         "OffGao", 
  #         2
  #       ]
  #     ]
  #   ]
  # ]
