Execution example::

  select --table Users --query follower:@bob --output_columns _key,name
  # [
  #   [
  #     0,
  #     1337566253.89858,
  #     0.000355720520019531
  #   ],
  #   [
  #     [
  #       [
  #         2
  #       ],
  #       [
  #         [
  #           "_key",
  #           "ShortText"
  #         ],
  #         [
  #           "name",
  #           "ShortText"
  #         ]
  #       ],
  #       [
  #         "alice",
  #         "Alice"
  #       ],
  #       [
  #         "charlie",
  #         "Charlie"
  #       ]
  #     ]
  #   ]
  # ]
