Execution example::

  select --table Comments --query posted_by:tasukuchan --output_columns comment --drilldown hash_tags
  # [
  #   [
  #     0, 
  #     1337566253.89858, 
  #     0.000355720520019531
  #   ], 
  #   [
  #     [
  #       [
  #         4
  #       ], 
  #       [
  #         [
  #           "comment", 
  #           "ShortText"
  #         ]
  #       ], 
  #       [
  #         "First post. test,test..."
  #       ], 
  #       [
  #         "@daijiro Thanks!"
  #       ], 
  #       [
  #         "Groonga Now! #groonga"
  #       ], 
  #       [
  #         "I'm come at Haneda Airport for development camp! #groonga #travel"
  #       ]
  #     ], 
  #     [
  #       [
  #         2
  #       ], 
  #       [
  #         [
  #           "_key", 
  #           "ShortText"
  #         ], 
  #         [
  #           "_nsubrecs", 
  #           "Int32"
  #         ]
  #       ], 
  #       [
  #         "groonga", 
  #         2
  #       ], 
  #       [
  #         "travel", 
  #         1
  #       ]
  #     ]
  #   ]
  # ]
