Execution example::

  select --table Comments --query comment:@Now --output_columns comment,_score
  # [
  #   [
  #     0, 
  #     1337566253.89858, 
  #     0.000355720520019531
  #   ], 
  #   [
  #     [
  #       [
  #         2
  #       ], 
  #       [
  #         [
  #           "comment", 
  #           "ShortText"
  #         ], 
  #         [
  #           "_score", 
  #           "Int32"
  #         ]
  #       ], 
  #       [
  #         "Groonga Now! #groonga", 
  #         1
  #       ], 
  #       [
  #         "I'm at Nakano broadway now!", 
  #         1
  #       ]
  #     ]
  #   ]
  # ]
