Execution example::

  table_create --name PatPrefix --flags TABLE_PAT_KEY --key_type ShortText
  # [[0,1336468387.77833,0.000189781188964844],true]
  load --table PatPrefix
  [
  {"_key":"ひろゆき"},
  {"_key":"まろゆき"},
  {"_key":"ひろあき"}
  ]
  # [[0,1336468387.97908,0.200587749481201],3]
  select --table PatPrefix --query _key:@ひろ
  # [
  #   [
  #     0, 
  #     1336468388.38016, 
  #     0.000479698181152344
  #   ], 
  #   [
  #     [
  #       [
  #         2
  #       ], 
  #       [
  #         [
  #           "_id", 
  #           "UInt32"
  #         ], 
  #         [
  #           "_key", 
  #           "ShortText"
  #         ]
  #       ], 
  #       [
  #         3, 
  #         "ひろあき"
  #       ], 
  #       [
  #         1, 
  #         "ひろゆき"
  #       ]
  #     ]
  #   ]
  # ]
