Execution example::

  > select Doc --match_columns body --query "シークァーサー" --query_expansion Synonym.body
  [
    [
      0, 
      1335519666.31137, 
      0.000792741775512695
    ], 
    [
      [
        [
          2
        ], 
        [
          [
            "_id", 
            "UInt32"
          ], 
          [
            "_key", 
            "ShortText"
          ], 
          [
            "body", 
            "ShortText"
          ]
        ], 
        [
          1, 
          "001", 
          "すっぱいブドウと甘いシークァーサー"
        ], 
        [
          2, 
          "002", 
          "シークヮーサージュースとゴーヤチャンプル"
        ]
      ]
    ]
  ]
  > select Doc --match_columns body --query "シークヮーサー" --query_expansion Synonym.body
  [
    [
      0, 
      1335519666.51486, 
      0.000669717788696289
    ], 
    [
      [
        [
          2
        ], 
        [
          [
            "_id", 
            "UInt32"
          ], 
          [
            "_key", 
            "ShortText"
          ], 
          [
            "body", 
            "ShortText"
          ]
        ], 
        [
          1, 
          "001", 
          "すっぱいブドウと甘いシークァーサー"
        ], 
        [
          2, 
          "002", 
          "シークヮーサージュースとゴーヤチャンプル"
        ]
      ]
    ]
  ]
  