Execution example::

  select Doc --match_columns body --query "シークァーサー"
  # [
  #   [
  #     0, 
  #     1336611850.51383, 
  #     0.000647783279418945
  #   ], 
  #   [
  #     [
  #       [
  #         1
  #       ], 
  #       [
  #         [
  #           "_id", 
  #           "UInt32"
  #         ], 
  #         [
  #           "_key", 
  #           "ShortText"
  #         ], 
  #         [
  #           "body", 
  #           "ShortText"
  #         ]
  #       ], 
  #       [
  #         1, 
  #         "001", 
  #         "すっぱいブドウと甘いシークァーサー"
  #       ]
  #     ]
  #   ]
  # ]
  select Doc --match_columns body --query "シークヮーサー"
  # [
  #   [
  #     0, 
  #     1336611850.71645, 
  #     0.000455617904663086
  #   ], 
  #   [
  #     [
  #       [
  #         1
  #       ], 
  #       [
  #         [
  #           "_id", 
  #           "UInt32"
  #         ], 
  #         [
  #           "_key", 
  #           "ShortText"
  #         ], 
  #         [
  #           "body", 
  #           "ShortText"
  #         ]
  #       ], 
  #       [
  #         2, 
  #         "002", 
  #         "シークヮーサージュースとゴーヤチャンプル"
  #       ]
  #     ]
  #   ]
  # ]
