Execution example::

  column_create Logs new_serial COLUMN_SCALAR ShortText
  # [[0,1337566253.89858,0.000355720520019531],true]
  column_copy Logs serial Logs new_serial
  # [[0,1337566253.89858,0.000355720520019531],true]
  column_remove Logs serial
  # [[0,1337566253.89858,0.000355720520019531],true]
  column_rename Logs new_serial serial
  # [[0,1337566253.89858,0.000355720520019531],true]
  select Logs
  # [
  #   [
  #     0,
  #     1337566253.89858,
  #     0.000355720520019531
  #   ],
  #   [
  #     [
  #       [
  #         1
  #       ],
  #       [
  #         [
  #           "_id",
  #           "UInt32"
  #         ],
  #         [
  #           "_key",
  #           "ShortText"
  #         ],
  #         [
  #           "serial",
  #           "ShortText"
  #         ]
  #       ],
  #       [
  #         1,
  #         "log1",
  #         "1"
  #       ]
  #     ]
  #   ]
  # ]
