Execution example::

  column_create Entries new_tag COLUMN_VECTOR ShortText
  # [[0,1337566253.89858,0.000355720520019531],true]
  column_copy Entries tag Entries new_tag
  # [[0,1337566253.89858,0.000355720520019531],true]
  column_remove Entries tag
  # [[0,1337566253.89858,0.000355720520019531],true]
  column_rename Entries new_tag tag
  # [[0,1337566253.89858,0.000355720520019531],true]
  select Entries
  # [
  #   [
  #     0,
  #     1337566253.89858,
  #     0.000355720520019531
  #   ],
  #   [
  #     [
  #       [
  #         1
  #       ],
  #       [
  #         [
  #           "_id",
  #           "UInt32"
  #         ],
  #         [
  #           "_key",
  #           "ShortText"
  #         ],
  #         [
  #           "tag",
  #           "ShortText"
  #         ]
  #       ],
  #       [
  #         1,
  #         "entry1",
  #         [
  #           "Groonga"
  #         ]
  #       ]
  #     ]
  #   ]
  # ]
