Execution example::

  table_create NewNames TABLE_PAT_KEY ShortText
  # [[0,1337566253.89858,0.000355720520019531],true]
  column_create NewNames used COLUMN_SCALAR Bool
  # [[0,1337566253.89858,0.000355720520019531],true]
  column_copy Names used NewNames used
  # [[0,1337566253.89858,0.000355720520019531],true]
  table_remove Names
  # [[0,1337566253.89858,0.000355720520019531],true]
  table_rename NewNames Names
  # [[0,1337566253.89858,0.000355720520019531],true]
  select Names --filter '_key @^ "ali"'
  # [
  #   [
  #     0,
  #     1337566253.89858,
  #     0.000355720520019531
  #   ],
  #   [
  #     [
  #       [
  #         1
  #       ],
  #       [
  #         [
  #           "_id",
  #           "UInt32"
  #         ],
  #         [
  #           "_key",
  #           "ShortText"
  #         ],
  #         [
  #           "used",
  #           "Bool"
  #         ]
  #       ],
  #       [
  #         1,
  #         "alice",
  #         false
  #       ]
  #     ]
  #   ]
  # ]
