Execution example::

  table_create Users TABLE_HASH_KEY ShortText
  # [[0,1337566253.89858,0.000355720520019531],true]
  column_create Users high_score COLUMN_SCALAR Int32
  # [[0,1337566253.89858,0.000355720520019531],true]
  column_copy Players high_score Users high_score
  # [[0,1337566253.89858,0.000355720520019531],true]
  column_remove Players high_score
  # [[0,1337566253.89858,0.000355720520019531],true]
  select Users
  # [
  #   [
  #     0,
  #     1337566253.89858,
  #     0.000355720520019531
  #   ],
  #   [
  #     [
  #       [
  #         1
  #       ],
  #       [
  #         [
  #           "_id",
  #           "UInt32"
  #         ],
  #         [
  #           "_key",
  #           "ShortText"
  #         ],
  #         [
  #           "high_score",
  #           "Int32"
  #         ]
  #       ],
  #       [
  #         1,
  #         "player1",
  #         100
  #       ]
  #     ]
  #   ]
  # ]
