Execution example::

  column_copy Table column ToTable to_column
  # [[0,1337566253.89858,0.000355720520019531],true]
  select ToTable --output_columns _key,to_column
  # [
  #   [
  #     0,
  #     1337566253.89858,
  #     0.000355720520019531
  #   ],
  #   [
  #     [
  #       [
  #         1
  #       ],
  #       [
  #         [
  #           "_key",
  #           "ShortText"
  #         ],
  #         [
  #           "to_column",
  #           "ShortText"
  #         ]
  #       ],
  #       [
  #         "key1",
  #         "value1"
  #       ]
  #     ]
  #   ]
  # ]
