Execution example::

  plugin_register functions/vector
  # [
  #   [
  #     -3, 
  #     1337566253.89858, 
  #     0.000355720520019531, 
  #     "[plugin][register] cannot find plugin file: </home/horimoto/work/release/groonga/groonga.clean/plugins/functions/vector.so>", 
  #     [
  #       [
  #         "grn_plugin_set_name_resolve_error", 
  #         "plugin.c", 
  #         790
  #       ]
  #     ]
  #   ], 
  #   false
  # ]
  select Entries \
    --columns[vector].stage initial \
    --columns[vector].flags COLUMN_VECTOR \
    --columns[vector].type UInt32 \
    --columns[vector].value 'vector_new(1, 2, 3)' \
    --output_columns _id,vector
  # [
  #   [
  #     -22, 
  #     1337566253.89858, 
  #     0.000355720520019531, 
  #     "[select][column][initial][vector] failed to parse value: <vector_new(1, 2, 3)>: Syntax error: <vector_new|(|1, 2, 3)>: [expr][p", 
  #     [
  #       [
  #         "grn_select_apply_columns", 
  #         "proc_select.c", 
  #         1360
  #       ]
  #     ]
  #   ]
  # ]
