Execution example::

  plugin_register functions/string
  # [
  #   [
  #     -3, 
  #     1337566253.89858, 
  #     0.000355720520019531, 
  #     "[plugin][register] cannot find plugin file: </home/horimoto/work/release/groonga/groonga.clean/plugins/functions/string.so>", 
  #     [
  #       [
  #         "grn_plugin_set_name_resolve_error", 
  #         "plugin.c", 
  #         790
  #       ]
  #     ]
  #   ], 
  #   false
  # ]
  select Entries \
    --columns[content_length].stage initial \
    --columns[content_length].type UInt32 \
    --columns[content_length].value 'string_length(content)' \
    --output_columns _id,content,content_length
  # [
  #   [
  #     -22, 
  #     1337566253.89858, 
  #     0.000355720520019531, 
  #     "[select][column][initial][content_length] failed to parse value: <string_length(content)>: Syntax error: <string_length|(|conte", 
  #     [
  #       [
  #         "grn_select_apply_columns", 
  #         "proc_select.c", 
  #         1360
  #       ]
  #     ]
  #   ]
  # ]
