Execution example::

  select Entries \
    --limit -1 \
    --output_column _id,n_likes \
    --drilldown tag \
    --drilldown_calc_types MAX|MIN|SUM|AVG \
    --drilldown_calc_target n_likes \
    --drilldown_output_columns _key,_nsubrecs,_max,_min,_sum,_avg
  # [
  #   [
  #     -22, 
  #     1337566253.89858, 
  #     0.000355720520019531, 
  #     "invalid table group calc type: <|MIN|SUM|AVG>", 
  #     [
  #       [
  #         "grn_parse_table_group_calc_types", 
  #         "proc.c", 
  #         625
  #       ]
  #     ]
  #   ], 
  #   []
  # ]
