Execution example::

  select Entries \
    --limit -1 \
    --output_column tag,n_likes \
    --drilldowns[tag.n_likes].keys tag,n_likes \
    --drilldowns[tag.n_likes].output_columns _value.tag,_value.n_likes,_nsubrecs
  # [
  #   [
  #     0, 
  #     1337566253.89858, 
  #     0.000355720520019531
  #   ], 
  #   [
  #     [
  #       [
  #         5
  #       ], 
  #       [
  #         [
  #           "_id", 
  #           "UInt32"
  #         ], 
  #         [
  #           "_key", 
  #           "ShortText"
  #         ], 
  #         [
  #           "content", 
  #           "Text"
  #         ], 
  #         [
  #           "n_likes", 
  #           "UInt32"
  #         ], 
  #         [
  #           "tag", 
  #           "ShortText"
  #         ]
  #       ], 
  #       [
  #         1, 
  #         "The first post!", 
  #         "Welcome! This is my first post!", 
  #         5, 
  #         "Hello"
  #       ], 
  #       [
  #         2, 
  #         "Groonga", 
  #         "I started to use Groonga. It's very fast!", 
  #         10, 
  #         "Groonga"
  #       ], 
  #       [
  #         3, 
  #         "Mroonga", 
  #         "I also started to use Mroonga. It's also very fast! Really fast!", 
  #         15, 
  #         "Groonga"
  #       ], 
  #       [
  #         4, 
  #         "Good-bye Senna", 
  #         "I migrated all Senna system!", 
  #         3, 
  #         "Senna"
  #       ], 
  #       [
  #         5, 
  #         "Good-bye Tritonn", 
  #         "I also migrated all Tritonn system!", 
  #         3, 
  #         "Senna"
  #       ]
  #     ], 
  #     {
  #       "tag.n_likes": [
  #         [
  #           4
  #         ], 
  #         [
  #           [
  #             "tag", 
  #             "ShortText"
  #           ], 
  #           [
  #             "n_likes", 
  #             "UInt32"
  #           ], 
  #           [
  #             "_nsubrecs", 
  #             "Int32"
  #           ]
  #         ], 
  #         [
  #           "Hello", 
  #           5, 
  #           1
  #         ], 
  #         [
  #           "Groonga", 
  #           10, 
  #           1
  #         ], 
  #         [
  #           "Groonga", 
  #           15, 
  #           1
  #         ], 
  #         [
  #           "Senna", 
  #           3, 
  #           2
  #         ]
  #       ]
  #     }
  #   ]
  # ]
