Execution example::

  select Entries \
    --limit 0 \
    --output_columns _id \
    --drilldown 'tag, n_likes' \
    --drilldown_sort_keys '-_nsubrecs, _key'
  # [
  #   [
  #     0,
  #     1337566253.89858,
  #     0.000355720520019531
  #   ],
  #   [
  #     [
  #       [
  #         5
  #       ],
  #       [
  #         [
  #           "_id",
  #           "UInt32"
  #         ]
  #       ]
  #     ],
  #     [
  #       [
  #         3
  #       ],
  #       [
  #         [
  #           "_key",
  #           "ShortText"
  #         ],
  #         [
  #           "_nsubrecs",
  #           "Int32"
  #         ]
  #       ],
  #       [
  #         "Groonga",
  #         2
  #       ],
  #       [
  #         "Senna",
  #         2
  #       ],
  #       [
  #         "Hello",
  #         1
  #       ]
  #     ],
  #     [
  #       [
  #         4
  #       ],
  #       [
  #         [
  #           "_key",
  #           "UInt32"
  #         ],
  #         [
  #           "_nsubrecs",
  #           "Int32"
  #         ]
  #       ],
  #       [
  #         3,
  #         2
  #       ],
  #       [
  #         5,
  #         1
  #       ],
  #       [
  #         10,
  #         1
  #       ],
  #       [
  #         15,
  #         1
  #       ]
  #     ]
  #   ]
  # ]
