Execution example::

  select Entries \
    --limit 0 \
    --output_column _id \
    --drilldown tag,n_likes
  # [
  #   [
  #     0, 
  #     1337566253.89858, 
  #     0.000355720520019531
  #   ], 
  #   [
  #     [
  #       [
  #         5
  #       ], 
  #       [
  #         [
  #           "_id", 
  #           "UInt32"
  #         ], 
  #         [
  #           "_key", 
  #           "ShortText"
  #         ], 
  #         [
  #           "content", 
  #           "Text"
  #         ], 
  #         [
  #           "n_likes", 
  #           "UInt32"
  #         ], 
  #         [
  #           "tag", 
  #           "ShortText"
  #         ]
  #       ]
  #     ], 
  #     [
  #       [
  #         3
  #       ], 
  #       [
  #         [
  #           "_key", 
  #           "ShortText"
  #         ], 
  #         [
  #           "_nsubrecs", 
  #           "Int32"
  #         ]
  #       ], 
  #       [
  #         "Hello", 
  #         1
  #       ], 
  #       [
  #         "Groonga", 
  #         2
  #       ], 
  #       [
  #         "Senna", 
  #         2
  #       ]
  #     ], 
  #     [
  #       [
  #         4
  #       ], 
  #       [
  #         [
  #           "_key", 
  #           "UInt32"
  #         ], 
  #         [
  #           "_nsubrecs", 
  #           "Int32"
  #         ]
  #       ], 
  #       [
  #         5, 
  #         1
  #       ], 
  #       [
  #         10, 
  #         1
  #       ], 
  #       [
  #         15, 
  #         1
  #       ], 
  #       [
  #         3, 
  #         2
  #       ]
  #     ]
  #   ]
  # ]
