Execution example::

  select Entries \
    --limit -1 \
    --output_columns _id,tag \
    --drilldown tag \
    --drilldown_filter '_nsubrecs > 1' \
    --drilldown_output_columns _key,_nsubrecs
  # [
  #   [
  #     0,
  #     1337566253.89858,
  #     0.000355720520019531
  #   ],
  #   [
  #     [
  #       [
  #         5
  #       ],
  #       [
  #         [
  #           "_id",
  #           "UInt32"
  #         ],
  #         [
  #           "tag",
  #           "ShortText"
  #         ]
  #       ],
  #       [
  #         1,
  #         "Hello"
  #       ],
  #       [
  #         2,
  #         "Groonga"
  #       ],
  #       [
  #         3,
  #         "Groonga"
  #       ],
  #       [
  #         4,
  #         "Senna"
  #       ],
  #       [
  #         5,
  #         "Senna"
  #       ]
  #     ],
  #     [
  #       [
  #         2
  #       ],
  #       [
  #         [
  #           "_key",
  #           "ShortText"
  #         ],
  #         [
  #           "_nsubrecs",
  #           "Int32"
  #         ]
  #       ],
  #       [
  #         "Groonga",
  #         2
  #       ],
  #       [
  #         "Senna",
  #         2
  #       ]
  #     ]
  #   ]
  # ]
