Execution example::

  table_create Tags TABLE_PAT_KEY ShortText
  # [
  #   [
  #     -22, 
  #     1337566253.89858, 
  #     0.000355720520019531, 
  #     "[object][register] already used name was assigned: <Tags>", 
  #     [
  #       [
  #         "grn_obj_register", 
  #         "db.c", 
  #         11388
  #       ]
  #     ]
  #   ], 
  #   false
  # ]
  column_create Tags category COLUMN_SCALAR ShortText
  # [[0, 1337566253.89858, 0.000355720520019531], true]
  table_create Memos TABLE_HASH_KEY ShortText
  # [[0, 1337566253.89858, 0.000355720520019531], true]
  column_create Memos tag COLUMN_SCALAR Tags
  # [[0, 1337566253.89858, 0.000355720520019531], true]
  load --table Memos
  [
  {"_key": "Groonga is fast!", "tag": "Groonga"},
  {"_key": "Groonga sticker!", "tag": "Groonga"},
  {"_key": "Mroonga sticker!", "tag": "Mroonga"},
  {"_key": "Rroonga is fast!", "tag": "Rroonga"}
  ]
  # [[0, 1337566253.89858, 0.000355720520019531], 4]
  load --table Tags
  [
  {"_key": "Groonga", "category": "C/C++"},
  {"_key": "Mroonga", "category": "C/C++"},
  {"_key": "PGroonga", "category": "C/C++"},
  {"_key": "Rroonga", "category": "Ruby"}
  ]
  # [[0, 1337566253.89858, 0.000355720520019531], 4]
  select Memos \
    --drilldowns[label_tag].keys tag \
    --drilldowns[label_tag].output_columns _key \
    --drilldowns[label_category].table label_tag \
    --drilldowns[label_category].keys category \
    --drilldowns[label_category].output_columns _key,_nsubrecs
  # [
  #   [
  #     0, 
  #     1337566253.89858, 
  #     0.000355720520019531
  #   ], 
  #   [
  #     [
  #       [
  #         4
  #       ], 
  #       [
  #         [
  #           "_id", 
  #           "UInt32"
  #         ], 
  #         [
  #           "_key", 
  #           "ShortText"
  #         ], 
  #         [
  #           "tag", 
  #           "Tags"
  #         ]
  #       ], 
  #       [
  #         1, 
  #         "Groonga is fast!", 
  #         "groonga"
  #       ], 
  #       [
  #         2, 
  #         "Groonga sticker!", 
  #         "groonga"
  #       ], 
  #       [
  #         3, 
  #         "Mroonga sticker!", 
  #         "mroonga"
  #       ], 
  #       [
  #         4, 
  #         "Rroonga is fast!", 
  #         "rroonga"
  #       ]
  #     ], 
  #     {
  #       "label_tag": [
  #         [
  #           3
  #         ], 
  #         [
  #           [
  #             "_key", 
  #             "ShortText"
  #           ]
  #         ], 
  #         [
  #           "groonga"
  #         ], 
  #         [
  #           "mroonga"
  #         ], 
  #         [
  #           "rroonga"
  #         ]
  #       ], 
  #       "label_category": [
  #         [
  #           2
  #         ], 
  #         [
  #           [
  #             "_key", 
  #             "ShortText"
  #           ], 
  #           [
  #             "_nsubrecs", 
  #             "Int32"
  #           ]
  #         ], 
  #         [
  #           "C/C++", 
  #           2
  #         ], 
  #         [
  #           "Ruby", 
  #           1
  #         ]
  #       ]
  #     }
  #   ]
  # ]
