Execution example::

  select Entries \
    --limit 0 \
    --output_column _id \
    --drilldown tag \
    --drilldown_output_columns _key
  # [
  #   [
  #     0, 
  #     1337566253.89858, 
  #     0.000355720520019531
  #   ], 
  #   [
  #     [
  #       [
  #         5
  #       ], 
  #       [
  #         [
  #           "_id", 
  #           "UInt32"
  #         ], 
  #         [
  #           "_key", 
  #           "ShortText"
  #         ], 
  #         [
  #           "content", 
  #           "Text"
  #         ], 
  #         [
  #           "n_likes", 
  #           "UInt32"
  #         ], 
  #         [
  #           "tag", 
  #           "ShortText"
  #         ]
  #       ]
  #     ], 
  #     [
  #       [
  #         3
  #       ], 
  #       [
  #         [
  #           "_key", 
  #           "ShortText"
  #         ]
  #       ], 
  #       [
  #         "Hello"
  #       ], 
  #       [
  #         "Groonga"
  #       ], 
  #       [
  #         "Senna"
  #       ]
  #     ]
  #   ]
  # ]
