Execution example::

  table_create Tags TABLE_HASH_KEY ShortText --normalizer NormalizerAuto
  # [[0,1337566253.89858,0.000355720520019531],true]
  column_create Tags label COLUMN_SCALAR ShortText
  # [[0,1337566253.89858,0.000355720520019531],true]
  column_create Tags priority COLUMN_SCALAR Int32
  # [[0,1337566253.89858,0.000355720520019531],true]
  table_create Items TABLE_HASH_KEY ShortText
  # [[0,1337566253.89858,0.000355720520019531],true]
  column_create Items tag COLUMN_SCALAR Tags
  # [[0,1337566253.89858,0.000355720520019531],true]
  load --table Tags
  [
  {"_key": "groonga", label: "Groonga", priority: 10},
  {"_key": "mroonga", label: "Mroonga", priority: 5}
  ]
  # [[0,1337566253.89858,0.000355720520019531],2]
  load --table Items
  [
  {"_key": "A", "tag": "groonga"},
  {"_key": "B", "tag": "groonga"},
  {"_key": "C", "tag": "mroonga"}
  ]
  # [[0,1337566253.89858,0.000355720520019531],3]
