Execution example::

  select \
    --table Entries \
    --fuzzy_max_distance 2 \
    --fuzzy_max_expansions 1 \
    --match_columns content \
    --query alx \
    --output_columns content,_score
  # [
  #   [
  #     0,
  #     1337566253.89858,
  #     0.000355720520019531
  #   ],
  #   [
  #     [
  #       [
  #         2
  #       ],
  #       [
  #         [
  #           "content",
  #           "Text"
  #         ],
  #         [
  #           "_score",
  #           "Int32"
  #         ]
  #       ],
  #       [
  #         "I migrated all Senna system!",
  #         2
  #       ],
  #       [
  #         "I also migrated all Tritonn system!",
  #         2
  #       ]
  #     ]
  #   ]
  # ]
