Execution example::

  select Entries --sort_keys _id --offset 2 --limit 3 --output_columns _key
  # [
  #   [
  #     0,
  #     1337566253.89858,
  #     0.000355720520019531
  #   ],
  #   [
  #     [
  #       [
  #         5
  #       ],
  #       [
  #         [
  #           "_key",
  #           "ShortText"
  #         ]
  #       ],
  #       [
  #         "Mroonga"
  #       ],
  #       [
  #         "Good-bye Senna"
  #       ],
  #       [
  #         "Good-bye Tritonn"
  #       ]
  #     ]
  #   ]
  # ]
