Execution example::

  select Entries --match_columns content --query fast --output_columns '_key, _score'
  # [
  #   [
  #     0,
  #     1337566253.89858,
  #     0.000355720520019531
  #   ],
  #   [
  #     [
  #       [
  #         2
  #       ],
  #       [
  #         [
  #           "_key",
  #           "ShortText"
  #         ],
  #         [
  #           "_score",
  #           "Int32"
  #         ]
  #       ],
  #       [
  #         "Groonga",
  #         1
  #       ],
  #       [
  #         "Mroonga",
  #         2
  #       ]
  #     ]
  #   ]
  # ]
