Execution example::

  select Entries --filter 'true && content @ "groo"'
  # [
  #   [
  #     0,
  #     1337566253.89858,
  #     0.000355720520019531
  #   ],
  #   [
  #     [
  #       [
  #         0
  #       ],
  #       [
  #         [
  #           "_id",
  #           "UInt32"
  #         ],
  #         [
  #           "_key",
  #           "ShortText"
  #         ],
  #         [
  #           "content",
  #           "Text"
  #         ],
  #         [
  #           "n_likes",
  #           "UInt32"
  #         ],
  #         [
  #           "tag",
  #           "ShortText"
  #         ]
  #       ]
  #     ]
  #   ]
  # ]
  select Entries --filter 'true && content @ "groo"' --match_escalation yes
  # [
  #   [
  #     0,
  #     1337566253.89858,
  #     0.000355720520019531
  #   ],
  #   [
  #     [
  #       [
  #         1
  #       ],
  #       [
  #         [
  #           "_id",
  #           "UInt32"
  #         ],
  #         [
  #           "_key",
  #           "ShortText"
  #         ],
  #         [
  #           "content",
  #           "Text"
  #         ],
  #         [
  #           "n_likes",
  #           "UInt32"
  #         ],
  #         [
  #           "tag",
  #           "ShortText"
  #         ]
  #       ],
  #       [
  #         2,
  #         "Groonga",
  #         "I started to use Groonga. It's very fast!",
  #         10,
  #         "Groonga"
  #       ]
  #     ]
  #   ]
  # ]
