Execution example::

  select Entries --match_columns content --query "mroonga"
  # [
  #   [
  #     0,
  #     1337566253.89858,
  #     0.000355720520019531
  #   ],
  #   [
  #     [
  #       [
  #         1
  #       ],
  #       [
  #         [
  #           "_id",
  #           "UInt32"
  #         ],
  #         [
  #           "_key",
  #           "ShortText"
  #         ],
  #         [
  #           "content",
  #           "Text"
  #         ],
  #         [
  #           "n_likes",
  #           "UInt32"
  #         ],
  #         [
  #           "tag",
  #           "ShortText"
  #         ]
  #       ],
  #       [
  #         3,
  #         "Mroonga",
  #         "I also started to use Mroonga. It's also very fast! Really fast!",
  #         15,
  #         "Groonga"
  #       ]
  #     ]
  #   ]
  # ]
  select Entries --match_columns content --query "mroonga" --query_expander Thesaurus.synonym
  # [
  #   [
  #     0,
  #     1337566253.89858,
  #     0.000355720520019531
  #   ],
  #   [
  #     [
  #       [
  #         2
  #       ],
  #       [
  #         [
  #           "_id",
  #           "UInt32"
  #         ],
  #         [
  #           "_key",
  #           "ShortText"
  #         ],
  #         [
  #           "content",
  #           "Text"
  #         ],
  #         [
  #           "n_likes",
  #           "UInt32"
  #         ],
  #         [
  #           "tag",
  #           "ShortText"
  #         ]
  #       ],
  #       [
  #         3,
  #         "Mroonga",
  #         "I also started to use Mroonga. It's also very fast! Really fast!",
  #         15,
  #         "Groonga"
  #       ],
  #       [
  #         5,
  #         "Good-bye Tritonn",
  #         "I also migrated all Tritonn system!",
  #         3,
  #         "Senna"
  #       ]
  #     ]
  #   ]
  # ]
  select Entries --match_columns content --query "((mroonga) OR (tritonn) OR (groonga mysql))"
  # [
  #   [
  #     0,
  #     1337566253.89858,
  #     0.000355720520019531
  #   ],
  #   [
  #     [
  #       [
  #         2
  #       ],
  #       [
  #         [
  #           "_id",
  #           "UInt32"
  #         ],
  #         [
  #           "_key",
  #           "ShortText"
  #         ],
  #         [
  #           "content",
  #           "Text"
  #         ],
  #         [
  #           "n_likes",
  #           "UInt32"
  #         ],
  #         [
  #           "tag",
  #           "ShortText"
  #         ]
  #       ],
  #       [
  #         3,
  #         "Mroonga",
  #         "I also started to use Mroonga. It's also very fast! Really fast!",
  #         15,
  #         "Groonga"
  #       ],
  #       [
  #         5,
  #         "Good-bye Tritonn",
  #         "I also migrated all Tritonn system!",
  #         3,
  #         "Senna"
  #       ]
  #     ]
  #   ]
  # ]
