Execution example::

  table_create --name Magazine --flags TABLE_HASH_KEY --key_type ShortText
  # [[0,1546673320.275529,0.08708477020263672],true]
  column_create --table Magazine --name title --type ShortText
  # [[0,1546673346.042032,0.09989762306213379],true]
  load --table Magazine
  [
  {"_key":"http://test.jp/magazine/webplus","title":"WEB+"},
  {"_key":"http://test.jp/magazine/database","title":"DataBase"},
  ]
  # [[0,1546673366.725134,0.0009036064147949219],2]
  select Magazine --output_pretty yes --match_columns title --query 'WEB +'  --query_flags ALLOW_PRAGMA|ALLOW_COLUMN|QUERY_NO_SYNTAX_ERROR
  # [
  #   [
  #     0,
  #     1546673389.499156,
  #     0.04232335090637207
  #   ],
  #   [
  #     [
  #       [
  #         1
  #       ],
  #       [
  #         [
  #           "_id",
  #           "UInt32"
  #         ],
  #         [
  #           "_key",
  #           "ShortText"
  #         ],
  #         [
  #           "title",
  #           "ShortText"
  #         ]
  #       ],
  #       [
  #         1,
  #         "http://test.jp/magazine/webplus",
  #         "WEB+"
  #       ]
  #     ]
  #   ]
  # ]
