Execution example::

  select Entries --sort_keys '-n_likes, _id'
  # [
  #   [
  #     0,
  #     1337566253.89858,
  #     0.000355720520019531
  #   ],
  #   [
  #     [
  #       [
  #         5
  #       ],
  #       [
  #         [
  #           "_id",
  #           "UInt32"
  #         ],
  #         [
  #           "_key",
  #           "ShortText"
  #         ],
  #         [
  #           "content",
  #           "Text"
  #         ],
  #         [
  #           "n_likes",
  #           "UInt32"
  #         ],
  #         [
  #           "tag",
  #           "ShortText"
  #         ]
  #       ],
  #       [
  #         3,
  #         "Mroonga",
  #         "I also started to use Mroonga. It's also very fast! Really fast!",
  #         15,
  #         "Groonga"
  #       ],
  #       [
  #         2,
  #         "Groonga",
  #         "I started to use Groonga. It's very fast!",
  #         10,
  #         "Groonga"
  #       ],
  #       [
  #         1,
  #         "The first post!",
  #         "Welcome! This is my first post!",
  #         5,
  #         "Hello"
  #       ],
  #       [
  #         4,
  #         "Good-bye Senna",
  #         "I migrated all Senna system!",
  #         3,
  #         "Senna"
  #       ],
  #       [
  #         5,
  #         "Good-bye Tritonn",
  #         "I also migrated all Tritonn system!",
  #         3,
  #         "Senna"
  #       ]
  #     ]
  #   ]
  # ]
