Execution example::

  table_create Users TABLE_PAT_KEY ShortText
  # [[0,1337566253.89858,0.000355720520019531],true]
  column_create Users score COLUMN_SCALAR Int32
  # [[0,1337566253.89858,0.000355720520019531],true]
  load --table Users
  [
  {"_key": "Alice",  "score": 2},
  {"_key": "Bob",    "score": 0},
  {"_key": "Carlos", "score": -1}
  ]
  # [[0,1337566253.89858,0.000355720520019531],3]
  select Users
  # [
  #   [
  #     0,
  #     1337566253.89858,
  #     0.000355720520019531
  #   ],
  #   [
  #     [
  #       [
  #         3
  #       ],
  #       [
  #         [
  #           "_id",
  #           "UInt32"
  #         ],
  #         [
  #           "_key",
  #           "ShortText"
  #         ],
  #         [
  #           "score",
  #           "Int32"
  #         ]
  #       ],
  #       [
  #         1,
  #         "Alice",
  #         2
  #       ],
  #       [
  #         2,
  #         "Bob",
  #         0
  #       ],
  #       [
  #         3,
  #         "Carlos",
  #         -1
  #       ]
  #     ]
  #   ]
  # ]
  truncate Users
  # [[0,1337566253.89858,0.000355720520019531],true]
  select Users
  # [
  #   [
  #     0,
  #     1337566253.89858,
  #     0.000355720520019531
  #   ],
  #   [
  #     [
  #       [
  #         0
  #       ],
  #       [
  #         [
  #           "_id",
  #           "UInt32"
  #         ],
  #         [
  #           "_key",
  #           "ShortText"
  #         ],
  #         [
  #           "score",
  #           "Int32"
  #         ]
  #       ]
  #     ]
  #   ]
  # ]
