Execution example::

  select Memos --output_columns '_key, string_substring(_key, 2, 3)'
  # [
  #   [
  #     0, 
  #     1337566253.89858, 
  #     0.000355720520019531
  #   ], 
  #   [
  #     [
  #       [
  #         1
  #       ], 
  #       [
  #         [
  #           "_key", 
  #           "ShortText"
  #         ], 
  #         [
  #           "string_substring", 
  #           null
  #         ]
  #       ], 
  #       [
  #         "Groonga", 
  #         "oon"
  #       ]
  #     ]
  #   ]
  # ]
