Execution example::

  select Memos   --output_columns '_key, string_slice(_key, "(Gr)(?<Name1>o*)(?<Name2>.*)", "Name1")'
  # [
  #   [
  #     0, 
  #     1337566253.89858, 
  #     0.000355720520019531
  #   ], 
  #   [
  #     [
  #       [
  #         1
  #       ], 
  #       [
  #         [
  #           "_key", 
  #           "ShortText"
  #         ], 
  #         [
  #           "string_slice", 
  #           null
  #         ]
  #       ], 
  #       [
  #         "Groonga", 
  #         "oo"
  #       ]
  #     ]
  #   ]
  # ]
