実行例 ::

  > table_create --name Video --flags TABLE_HASH_KEY --key_type UInt32
  [[0,1279106663.87331,0.068507],true]
  > table_create --name Tag --flags TABLE_HASH_KEY --key_type ShortText
  [[0,1279106664.14262,0.074636],true]
  > column_create --table Video --name title --flags COLUMN_SCALAR --type ShortText
  [[0,1279106664.41806,0.067093],true]
  > column_create --table Video --name tags --flags COLUMN_VECTOR --type Tag
  [[0,1279106664.68592,0.058045],true]
  > column_create --table Tag --name index_tags --flags COLUMN_INDEX --type Video --source tags
  [[0,1279106664.94474,0.104906],true]
  > load --table Video
  > [
  > {"_key":1,"title":"Soccer 2010","tags":["Sports","Soccer"]},
  > {"_key":2,"title":"Zenigata Kinjirou","tags":["Variety","Money"]},
  > {"_key":3,"title":"groonga Demo","tags":["IT","Server","groonga"]},
  > {"_key":4,"title":"Moero!! Ultra Baseball","tags":["Sports","Baseball"]},
  > {"_key":5,"title":"Hex Gone!","tags":["Variety","Quiz"]},
  > {"_key":6,"title":"Pikonyan 1","tags":["Animation","Pikonyan"]},
  > {"_key":7,"title":"Draw 8 Month","tags":["Animation","Raccoon"]},
  > {"_key":8,"title":"K.O.","tags":["Animation","Music"]}
  > ]
  [[0,1279106665.2504,2.00276],8]
  