Execution example::

  select Entries --output_columns --match_columns body --query 'groonga mysql' --output_columns 'highlight_html(body)' --command_version 2
  # [
  #   [
  #     0, 
  #     1407692444.86092, 
  #     0.00188779830932617
  #   ], 
  #   [
  #     [
  #       [
  #         1
  #       ], 
  #       [
  #         [
  #           "highlight_html", 
  #           "null"
  #         ]
  #       ], 
  #       [
  #         "Mroonga is a <span class=\"keyword\">ＭｙＳＱＬ</span> storage engine based on <span class=\"keyword\">Groonga</span>. &lt;b&gt;Rroonga&lt;/b&gt; is a Ruby binding of <span class=\"keyword\">Groonga</span>."
  #       ]
  #     ]
  #   ]
  # ]
