Execution example::

  select Entries --filter 'n_likes == 5 || n_likes == 10'
  # [
  #   [
  #     0,
  #     1337566253.89858,
  #     0.000355720520019531
  #   ],
  #   [
  #     [
  #       [
  #         2
  #       ],
  #       [
  #         [
  #           "_id",
  #           "UInt32"
  #         ],
  #         [
  #           "_key",
  #           "ShortText"
  #         ],
  #         [
  #           "content",
  #           "Text"
  #         ],
  #         [
  #           "n_likes",
  #           "UInt32"
  #         ]
  #       ],
  #       [
  #         1,
  #         "The first post!",
  #         "Welcome! This is my first post!",
  #         5
  #       ],
  #       [
  #         2,
  #         "Groonga",
  #         "I started to use Groonga. It's very fast!",
  #         10
  #       ]
  #     ]
  #   ]
  # ]
