Execution example::

  select Entries --filter 'n_likes != 5'
  # [
  #   [
  #     0,
  #     1337566253.89858,
  #     0.000355720520019531
  #   ],
  #   [
  #     [
  #       [
  #         4
  #       ],
  #       [
  #         [
  #           "_id",
  #           "UInt32"
  #         ],
  #         [
  #           "_key",
  #           "ShortText"
  #         ],
  #         [
  #           "content",
  #           "Text"
  #         ],
  #         [
  #           "n_likes",
  #           "UInt32"
  #         ]
  #       ],
  #       [
  #         4,
  #         "Good-bye Senna",
  #         "I migrated all Senna system!",
  #         3
  #       ],
  #       [
  #         5,
  #         "Good-bye Tritonn",
  #         "I also migrated all Tritonn system!",
  #         3
  #       ],
  #       [
  #         2,
  #         "Groonga",
  #         "I started to use Groonga. It's very fast!",
  #         10
  #       ],
  #       [
  #         3,
  #         "Mroonga",
  #         "I also started to use Mroonga. It's also very fast! Really fast!",
  #         15
  #       ]
  #     ]
  #   ]
  # ]
