Execution example::

  select Entries --filter 'n_likes == (-10 >>> 1)'
  # [
  #   [
  #     0, 
  #     1337566253.89858, 
  #     0.000355720520019531
  #   ], 
  #   [
  #     [
  #       [
  #         0
  #       ], 
  #       [
  #         [
  #           "_id", 
  #           "UInt32"
  #         ], 
  #         [
  #           "_key", 
  #           "ShortText"
  #         ], 
  #         [
  #           "content", 
  #           "Text"
  #         ], 
  #         [
  #           "n_likes", 
  #           "UInt32"
  #         ]
  #       ]
  #     ]
  #   ]
  # ]
