Execution example::

  select Entries --output_columns _key,n_likes,_score --filter true --scorer '_score &= n_likes'
  # [
  #   [
  #     0,
  #     1337566253.89858,
  #     0.000355720520019531
  #   ],
  #   [
  #     [
  #       [
  #         5
  #       ],
  #       [
  #         [
  #           "_key",
  #           "ShortText"
  #         ],
  #         [
  #           "n_likes",
  #           "UInt32"
  #         ],
  #         [
  #           "_score",
  #           "Int32"
  #         ]
  #       ],
  #       [
  #         "Good-bye Senna",
  #         3,
  #         1
  #       ],
  #       [
  #         "Good-bye Tritonn",
  #         3,
  #         1
  #       ],
  #       [
  #         "Groonga",
  #         10,
  #         0
  #       ],
  #       [
  #         "Mroonga",
  #         15,
  #         1
  #       ],
  #       [
  #         "The first post!",
  #         5,
  #         1
  #       ]
  #     ]
  #   ]
  # ]
