Execution example::

  # Calculate the value of distance from Sydney,Australia to New York,The United States (across the date line).
  select Geo --output_columns distance --scorer 'distance = geo_distance("-121926000x544351000", "146566000x-266422000", "rectangle")'
  # [
  #   [
  #     0, 
  #     1337566253.89858, 
  #     0.000355720520019531
  #   ], 
  #   [
  #     [
  #       [
  #         1
  #       ], 
  #       [
  #         [
  #           "distance", 
  #           "Int32"
  #         ]
  #       ], 
  #       [
  #         26281151
  #       ]
  #     ]
  #   ]
  # ]
  # Calculate the value of distance from Paris,Flance to Madrid,Spain (across meridian).
  select Geo --output_columns distance --scorer 'distance = geo_distance("175904000x8464000", "145508000x-13291000", "rectangle")'
  # [
  #   [
  #     0, 
  #     1337566253.89858, 
  #     0.000355720520019531
  #   ], 
  #   [
  #     [
  #       [
  #         1
  #       ], 
  #       [
  #         [
  #           "distance", 
  #           "Int32"
  #         ]
  #       ], 
  #       [
  #         1051293
  #       ]
  #     ]
  #   ]
  # ]
  # Calculate the value of distance from New York,The United Status to Brasillia,Brasil (across equator).
  select Geo --output_columns distance --scorer 'distance = geo_distance("146566000x-266422000", "-56880000x-172310000", "rectangle")'
  # [
  #   [
  #     0, 
  #     1337566253.89858, 
  #     0.000355720520019531
  #   ], 
  #   [
  #     [
  #       [
  #         1
  #       ], 
  #       [
  #         [
  #           "distance", 
  #           "Int32"
  #         ]
  #       ], 
  #       [
  #         6880439
  #       ]
  #     ]
  #   ]
  # ]
