Execution example::

  select Logs --filter 'message @~ "host[12]"'
  # [
  #   [
  #     0,
  #     1337566253.89858,
  #     0.000355720520019531
  #   ],
  #   [
  #     [
  #       [
  #         5
  #       ],
  #       [
  #         [
  #           "_id",
  #           "UInt32"
  #         ],
  #         [
  #           "message",
  #           "Text"
  #         ]
  #       ],
  #       [
  #         1,
  #         "host1:[error]: No memory"
  #       ],
  #       [
  #         2,
  #         "host1:[warning]: Remained disk space is less than 30%"
  #       ],
  #       [
  #         3,
  #         "host1:[error]: Disk full"
  #       ],
  #       [
  #         4,
  #         "host2:[error]: No memory"
  #       ],
  #       [
  #         5,
  #         "host2:[info]: Shutdown"
  #       ]
  #     ]
  #   ]
  # ]
