Execution example::

  select Logs --query 'message:~"disk (space|full)"'
  # [
  #   [
  #     0,
  #     1337566253.89858,
  #     0.000355720520019531
  #   ],
  #   [
  #     [
  #       [
  #         2
  #       ],
  #       [
  #         [
  #           "_id",
  #           "UInt32"
  #         ],
  #         [
  #           "message",
  #           "Text"
  #         ]
  #       ],
  #       [
  #         2,
  #         "host1:[warning]: Remained disk space is less than 30%"
  #       ],
  #       [
  #         3,
  #         "host1:[error]: Disk full"
  #       ]
  #     ]
  #   ]
  # ]
