Execution example::

  select LooseItems \
   --filter 'sub_filter(readings, "prefix_rk_search(_key, \\"nIhO\\")") || _key @^ "nIhO"' \
   --output_columns '_key,label'
  # [
  #   [
  #     0,
  #     1337566253.89858,
  #     0.000355720520019531
  #   ],
  #   [
  #     [
  #       [
  #         2
  #       ],
  #       [
  #         [
  #           "_key",
  #           "ShortText"
  #         ],
  #         [
  #           "label",
  #           "ShortText"
  #         ]
  #       ],
  #       [
  #         "日本",
  #         "日本"
  #       ],
  #       [
  #         "nihon",
  #         "日本"
  #       ]
  #     ]
  #   ]
  # ]
