Execution example::

  select Readings --filter 'prefix_rk_search(_key, "ni")'
  # [
  #   [
  #     0,
  #     1337566253.89858,
  #     0.000355720520019531
  #   ],
  #   [
  #     [
  #       [
  #         2
  #       ],
  #       [
  #         [
  #           "_id",
  #           "UInt32"
  #         ],
  #         [
  #           "_key",
  #           "ShortText"
  #         ]
  #       ],
  #       [
  #         2,
  #         "ニッポン"
  #       ],
  #       [
  #         1,
  #         "ニホン"
  #       ]
  #     ]
  #   ]
  # ]
