Execution example::

  select Entries --query 'n_likes:<5 content:@senna OR content:@fast'
  # [
  #   [
  #     0, 
  #     1337566253.89858, 
  #     0.000355720520019531
  #   ], 
  #   [
  #     [
  #       [
  #         3
  #       ], 
  #       [
  #         [
  #           "_id", 
  #           "UInt32"
  #         ], 
  #         [
  #           "_key", 
  #           "ShortText"
  #         ], 
  #         [
  #           "content", 
  #           "Text"
  #         ], 
  #         [
  #           "n_likes", 
  #           "UInt32"
  #         ]
  #       ], 
  #       [
  #         4, 
  #         "Good-bye Senna", 
  #         "I migrated all Senna system!", 
  #         3
  #       ], 
  #       [
  #         2, 
  #         "Groonga", 
  #         "I started to use groonga. It's very fast!", 
  #         10
  #       ], 
  #       [
  #         3, 
  #         "Mroonga", 
  #         "I also started to use mroonga. It's also very fast! Really fast!", 
  #         15
  #       ]
  #     ]
  #   ]
  # ]
  select Entries --query 'n_likes:<5 (content:@senna OR content:@fast)'
  # [
  #   [
  #     0, 
  #     1337566253.89858, 
  #     0.000355720520019531
  #   ], 
  #   [
  #     [
  #       [
  #         1
  #       ], 
  #       [
  #         [
  #           "_id", 
  #           "UInt32"
  #         ], 
  #         [
  #           "_key", 
  #           "ShortText"
  #         ], 
  #         [
  #           "content", 
  #           "Text"
  #         ], 
  #         [
  #           "n_likes", 
  #           "UInt32"
  #         ]
  #       ], 
  #       [
  #         4, 
  #         "Good-bye Senna", 
  #         "I migrated all Senna system!", 
  #         3
  #       ]
  #     ]
  #   ]
  # ]
