Execution example::

  table_create \
    --name InvalidModeScalar \
    --flags TABLE_HASH_KEY \
    --key_type ShortText
  # [[0,1337566253.89858,0.000355720520019531],true]
  column_create \
    --table InvalidModeScalar \
    --name invalid_error \
    --flags COLUMN_SCALAR|INVALID_ERROR \
    --type Int32
  # [[0,1337566253.89858,0.000355720520019531],true]
  column_create \
    --table InvalidModeScalar \
    --name invalid_warn \
    --flags COLUMN_SCALAR|INVALID_WARN \
    --type Int32
  # [[0,1337566253.89858,0.000355720520019531],true]
  column_create \
    --table InvalidModeScalar \
    --name invalid_ignore \
    --flags COLUMN_SCALAR|INVALID_IGNORE \
    --type Int32
  # [[0,1337566253.89858,0.000355720520019531],true]
