Execution example::

  load --table MissingModeVectorReferred
  [
  {"_key": "existent1"},
  {"_key": "existent2"}
  ]
  # [[0, 1337566253.89858, 0.000355720520019531], 2]
  load --table MissingModeVector
  [
  {"_key": "key", "missing_add":    ["existent1", "nonexistent1", "existent2"]}
  ]
  # [[0, 1337566253.89858, 0.000355720520019531], 1]
  load --table MissingModeVector
  [
  {"_key": "key", "missing_ignore": ["existent1", "nonexistent2", "existent2"]}
  ]
  # [[0, 1337566253.89858, 0.000355720520019531], 1]
  load --table MissingModeVector
  [
  {"_key": "key", "missing_nil":    ["existent1", "nonexistent3", "existent2"]}
  ]
  # [[0, 1337566253.89858, 0.000355720520019531], 1]
  select --table MissingModeVector
  # [
  #   [
  #     0, 
  #     1337566253.89858, 
  #     0.000355720520019531
  #   ], 
  #   [
  #     [
  #       [
  #         1
  #       ], 
  #       [
  #         [
  #           "_id", 
  #           "UInt32"
  #         ], 
  #         [
  #           "_key", 
  #           "ShortText"
  #         ], 
  #         [
  #           "missing_add", 
  #           "MissingModeVectorReferred"
  #         ], 
  #         [
  #           "missing_ignore", 
  #           "MissingModeVectorReferred"
  #         ], 
  #         [
  #           "missing_nil", 
  #           "MissingModeVectorReferred"
  #         ]
  #       ], 
  #       [
  #         1, 
  #         "key", 
  #         [
  #           "existent1", 
  #           "nonexistent1", 
  #           "existent2"
  #         ], 
  #         [
  #           "existent1", 
  #           "existent2"
  #         ], 
  #         [
  #           "existent1", 
  #           "", 
  #           "existent2"
  #         ]
  #       ]
  #     ]
  #   ]
  # ]
  select --table MissingModeVectorReferred
  # [
  #   [
  #     0, 
  #     1337566253.89858, 
  #     0.000355720520019531
  #   ], 
  #   [
  #     [
  #       [
  #         3
  #       ], 
  #       [
  #         [
  #           "_id", 
  #           "UInt32"
  #         ], 
  #         [
  #           "_key", 
  #           "ShortText"
  #         ]
  #       ], 
  #       [
  #         1, 
  #         "existent1"
  #       ], 
  #       [
  #         2, 
  #         "existent2"
  #       ], 
  #       [
  #         3, 
  #         "nonexistent1"
  #       ]
  #     ]
  #   ]
  # ]
