Execution example::

  log_level --level info
  # [[0, 1337566253.89858, 0.000355720520019531], true]
  select \
    --table People \
    --match_columns roles \
    --query Sister
  # [
  #   [
  #     0, 
  #     1337566253.89858, 
  #     0.000355720520019531
  #   ], 
  #   [
  #     [
  #       [
  #         1
  #       ], 
  #       [
  #         [
  #           "_id", 
  #           "UInt32"
  #         ], 
  #         [
  #           "_key", 
  #           "ShortText"
  #         ], 
  #         [
  #           "age", 
  #           "UInt8"
  #         ], 
  #         [
  #           "roles", 
  #           "ShortText"
  #         ]
  #       ], 
  #       [
  #         1, 
  #         "alice", 
  #         7, 
  #         [
  #           "adventurer", 
  #           "younger-sister"
  #         ]
  #       ]
  #     ]
  #   ]
  # ]
  # log: 2017-12-27 12:38:45.734909|i| [object][search][index][key][exact] <Terms.people_roles_index>
  # log: 2017-12-27 12:38:45.734945|i| grn_ii_sel > (Sister)
  # log: 2017-12-27 12:38:45.734968|i| n=1 (Sister)
  # log: 2017-12-27 12:38:45.735003|i| exact: 1
  # log: 2017-12-27 12:38:45.735009|i| hits=1
  log_level --level notice
  # [[0, 1337566253.89858, 0.000355720520019531], true]
