Execution example::

  log_level --level info
  # [[0, 1337566253.89858, 0.000355720520019531], true]
  select \
    --table People \
    --filter 'age > 5'
  # [
  #   [
  #     0, 
  #     1337566253.89858, 
  #     0.000355720520019531
  #   ], 
  #   [
  #     [
  #       [
  #         1
  #       ], 
  #       [
  #         [
  #           "_id", 
  #           "UInt32"
  #         ], 
  #         [
  #           "_key", 
  #           "ShortText"
  #         ], 
  #         [
  #           "age", 
  #           "UInt8"
  #         ], 
  #         [
  #           "roles", 
  #           "ShortText"
  #         ]
  #       ], 
  #       [
  #         1, 
  #         "alice", 
  #         7, 
  #         [
  #           "adventurer", 
  #           "younger-sister"
  #         ]
  #       ]
  #     ]
  #   ]
  # ]
  # log: 2017-12-27 12:38:45.060048|i| [table][select][index][range] <Ages.people_age_index>
  log_level --level notice
  # [[0, 1337566253.89858, 0.000355720520019531], true]
