Execution example::

  log_level --level info
  # [[0, 1337566253.89858, 0.000355720520019531], true]
  select \
    --table People \
    --match_columns _key,roles \
    --query Alice
  # [
  #   [
  #     0, 
  #     1337566253.89858, 
  #     0.000355720520019531
  #   ], 
  #   [
  #     [
  #       [
  #         1
  #       ], 
  #       [
  #         [
  #           "_id", 
  #           "UInt32"
  #         ], 
  #         [
  #           "_key", 
  #           "ShortText"
  #         ], 
  #         [
  #           "age", 
  #           "UInt8"
  #         ], 
  #         [
  #           "roles", 
  #           "ShortText"
  #         ]
  #       ], 
  #       [
  #         1, 
  #         "alice", 
  #         7, 
  #         [
  #           "adventurer", 
  #           "younger-sister"
  #         ]
  #       ]
  #     ]
  #   ]
  # ]
  # log: 2016-10-13 19:10:03.513171|i| [object][search][index][key][exact] <Terms.people_key_roles_index>
  # log: 2016-10-13 19:10:03.513194|i| grn_ii_sel > (Alice)
  # log: 2016-10-13 19:10:03.513219|i| n=1 (Alice)
  # log: 2016-10-13 19:10:03.513247|i| exact: 1
  # log: 2016-10-13 19:10:03.513251|i| hits=1
  log_level --level notice
  # [[0, 1337566253.89858, 0.000355720520019531], true]
