Execution example::

  suggest --table item_query --column kana --types correct --frequency_threshold 1 --query saerch
  # [
  #   [
  #     0, 
  #     1336468382.08764, 
  #     0.000277519226074219
  #   ], 
  #   {
  #     "correct": [
  #       [
  #         1
  #       ], 
  #       [
  #         [
  #           "_key", 
  #           "ShortText"
  #         ], 
  #         [
  #           "_score", 
  #           "Int32"
  #         ]
  #       ], 
  #       [
  #         "search", 
  #         1
  #       ]
  #     ]
  #   }
  # ]
