Execution example::

  table_create Products TABLE_HASH_KEY ShortText
  # [[0,1337566253.89858,0.000355720520019531],true]
  column_create Products prices COLUMN_VECTOR Int32
  # [[0,1337566253.89858,0.000355720520019531],true]
  load --table Products
  [
  {"_key": "A", "prices": [17, 170, 1700]},
  {"_key": "B", "prices": [18, 180, 1800]},
  {"_key": "C", "prices": [19, 190]},
  {"_key": "D", "prices": [20]},
  {"_key": "E", "prices": [21, 210, 2100]}
  ]
  # [[0,1337566253.89858,0.000355720520019531],5]
  select Products --filter 'between(prices, 18, "include", 20, "exclude")'
  # [
  #   [
  #     0,
  #     1337566253.89858,
  #     0.000355720520019531
  #   ],
  #   [
  #     [
  #       [
  #         2
  #       ],
  #       [
  #         [
  #           "_id",
  #           "UInt32"
  #         ],
  #         [
  #           "_key",
  #           "ShortText"
  #         ],
  #         [
  #           "prices",
  #           "Int32"
  #         ]
  #       ],
  #       [
  #         2,
  #         "B",
  #         [
  #           18,
  #           180,
  #           1800
  #         ]
  #       ],
  #       [
  #         3,
  #         "C",
  #         [
  #           19,
  #           190
  #         ]
  #       ]
  #     ]
  #   ]
  # ]
