Execution example::

  select Users --filter 'between(14, 13, "include", 16, "include")'
  # [
  #   [
  #     0,
  #     1337566253.89858,
  #     0.000355720520019531
  #   ],
  #   [
  #     [
  #       [
  #         6
  #       ],
  #       [
  #         [
  #           "_id",
  #           "UInt32"
  #         ],
  #         [
  #           "_key",
  #           "ShortText"
  #         ],
  #         [
  #           "age",
  #           "Int32"
  #         ]
  #       ],
  #       [
  #         1,
  #         "Alice",
  #         12
  #       ],
  #       [
  #         2,
  #         "Bob",
  #         13
  #       ],
  #       [
  #         3,
  #         "Calros",
  #         15
  #       ],
  #       [
  #         4,
  #         "Dave",
  #         16
  #       ],
  #       [
  #         5,
  #         "Eric",
  #         20
  #       ],
  #       [
  #         6,
  #         "Frank",
  #         21
  #       ]
  #     ]
  #   ]
  # ]
